

Started GET "/creatures" for ::1 at 2016-05-01 17:28:25 -0700

ActiveRecord::PendingMigrationError (

Migrations are pending. To resolve this issue, run:

	bin/rake db:migrate RAILS_ENV=development

):
  activerecord (4.2.6) lib/active_record/migration.rb:392:in `check_pending!'
  activerecord (4.2.6) lib/active_record/migration.rb:373:in `call'
  actionpack (4.2.6) lib/action_dispatch/middleware/callbacks.rb:29:in `block in call'
  activesupport (4.2.6) lib/active_support/callbacks.rb:88:in `__run_callbacks__'
  activesupport (4.2.6) lib/active_support/callbacks.rb:778:in `_run_call_callbacks'
  activesupport (4.2.6) lib/active_support/callbacks.rb:81:in `run_callbacks'
  actionpack (4.2.6) lib/action_dispatch/middleware/callbacks.rb:27:in `call'
  actionpack (4.2.6) lib/action_dispatch/middleware/reloader.rb:73:in `call'
  actionpack (4.2.6) lib/action_dispatch/middleware/remote_ip.rb:78:in `call'
  actionpack (4.2.6) lib/action_dispatch/middleware/debug_exceptions.rb:17:in `call'
  web-console (2.3.0) lib/web_console/middleware.rb:28:in `block in call'
  web-console (2.3.0) lib/web_console/middleware.rb:18:in `catch'
  web-console (2.3.0) lib/web_console/middleware.rb:18:in `call'
  actionpack (4.2.6) lib/action_dispatch/middleware/show_exceptions.rb:30:in `call'
  railties (4.2.6) lib/rails/rack/logger.rb:38:in `call_app'
  railties (4.2.6) lib/rails/rack/logger.rb:20:in `block in call'
  activesupport (4.2.6) lib/active_support/tagged_logging.rb:68:in `block in tagged'
  activesupport (4.2.6) lib/active_support/tagged_logging.rb:26:in `tagged'
  activesupport (4.2.6) lib/active_support/tagged_logging.rb:68:in `tagged'
  railties (4.2.6) lib/rails/rack/logger.rb:20:in `call'
  actionpack (4.2.6) lib/action_dispatch/middleware/request_id.rb:21:in `call'
  rack (1.6.4) lib/rack/methodoverride.rb:22:in `call'
  rack (1.6.4) lib/rack/runtime.rb:18:in `call'
  activesupport (4.2.6) lib/active_support/cache/strategy/local_cache_middleware.rb:28:in `call'
  rack (1.6.4) lib/rack/lock.rb:17:in `call'
  actionpack (4.2.6) lib/action_dispatch/middleware/static.rb:120:in `call'
  rack (1.6.4) lib/rack/sendfile.rb:113:in `call'
  railties (4.2.6) lib/rails/engine.rb:518:in `call'
  railties (4.2.6) lib/rails/application.rb:165:in `call'
  rack (1.6.4) lib/rack/lock.rb:17:in `call'
  rack (1.6.4) lib/rack/content_length.rb:15:in `call'
  rack (1.6.4) lib/rack/handler/webrick.rb:88:in `service'
  /Users/ofer/.rvm/rubies/ruby-2.2.1/lib/ruby/2.2.0/webrick/httpserver.rb:138:in `service'
  /Users/ofer/.rvm/rubies/ruby-2.2.1/lib/ruby/2.2.0/webrick/httpserver.rb:94:in `run'
  /Users/ofer/.rvm/rubies/ruby-2.2.1/lib/ruby/2.2.0/webrick/server.rb:294:in `block in start_thread'


  Rendered /Users/ofer/.rvm/gems/ruby-2.2.1/gems/actionpack-4.2.6/lib/action_dispatch/middleware/templates/rescues/_source.erb (1.8ms)
  Rendered /Users/ofer/.rvm/gems/ruby-2.2.1/gems/actionpack-4.2.6/lib/action_dispatch/middleware/templates/rescues/_trace.html.erb (1.1ms)
  Rendered /Users/ofer/.rvm/gems/ruby-2.2.1/gems/actionpack-4.2.6/lib/action_dispatch/middleware/templates/rescues/_request_and_response.html.erb (0.7ms)
  Rendered /Users/ofer/.rvm/gems/ruby-2.2.1/gems/actionpack-4.2.6/lib/action_dispatch/middleware/templates/rescues/diagnostics.html.erb within rescues/layout (48.3ms)
  Rendered /Users/ofer/.rvm/gems/ruby-2.2.1/gems/web-console-2.3.0/lib/web_console/templates/_markup.html.erb (0.3ms)
  Rendered /Users/ofer/.rvm/gems/ruby-2.2.1/gems/web-console-2.3.0/lib/web_console/templates/_inner_console_markup.html.erb within layouts/inlined_string (0.2ms)
  Rendered /Users/ofer/.rvm/gems/ruby-2.2.1/gems/web-console-2.3.0/lib/web_console/templates/_prompt_box_markup.html.erb within layouts/inlined_string (0.2ms)
  Rendered /Users/ofer/.rvm/gems/ruby-2.2.1/gems/web-console-2.3.0/lib/web_console/templates/style.css.erb within layouts/inlined_string (0.3ms)
  Rendered /Users/ofer/.rvm/gems/ruby-2.2.1/gems/web-console-2.3.0/lib/web_console/templates/console.js.erb within layouts/javascript (44.0ms)
  Rendered /Users/ofer/.rvm/gems/ruby-2.2.1/gems/web-console-2.3.0/lib/web_console/templates/main.js.erb within layouts/javascript (0.3ms)
  Rendered /Users/ofer/.rvm/gems/ruby-2.2.1/gems/web-console-2.3.0/lib/web_console/templates/error_page.js.erb within layouts/javascript (0.3ms)
  Rendered /Users/ofer/.rvm/gems/ruby-2.2.1/gems/web-console-2.3.0/lib/web_console/templates/index.html.erb (100.0ms)
  [1m[36m (1.6ms)[0m  [1mCREATE TABLE "schema_migrations" ("version" varchar NOT NULL) [0m
  [1m[35m (0.1ms)[0m  select sqlite_version(*)
  [1m[36m (1.0ms)[0m  [1mCREATE UNIQUE INDEX "unique_schema_migrations" ON "schema_migrations" ("version")[0m
  [1m[35mActiveRecord::SchemaMigration Load (0.1ms)[0m  SELECT "schema_migrations".* FROM "schema_migrations"
Migrating to CreateCreatures (20160502002315)
  [1m[36m (0.1ms)[0m  [1mbegin transaction[0m
  [1m[35m (0.4ms)[0m  CREATE TABLE "creatures" ("id" INTEGER PRIMARY KEY AUTOINCREMENT NOT NULL, "name" varchar, "description" varchar, "created_at" datetime NOT NULL, "updated_at" datetime NOT NULL) 
  [1m[36mSQL (0.2ms)[0m  [1mINSERT INTO "schema_migrations" ("version") VALUES (?)[0m  [["version", "20160502002315"]]
  [1m[35m (0.8ms)[0m  commit transaction
  [1m[36mActiveRecord::SchemaMigration Load (0.1ms)[0m  [1mSELECT "schema_migrations".* FROM "schema_migrations"[0m
  [1m[36mActiveRecord::SchemaMigration Load (0.1ms)[0m  [1mSELECT "schema_migrations".* FROM "schema_migrations"[0m
  [1m[35m (0.0ms)[0m  begin transaction
  [1m[36mSQL (0.3ms)[0m  [1mINSERT INTO "creatures" ("name", "description", "created_at", "updated_at") VALUES (?, ?, ?, ?)[0m  [["name", "Yoda"], ["description", "Little green man"], ["created_at", "2016-05-02 00:31:33.270720"], ["updated_at", "2016-05-02 00:31:33.270720"]]
  [1m[35m (1.0ms)[0m  commit transaction
  [1m[36m (0.0ms)[0m  [1mbegin transaction[0m
  [1m[35mSQL (0.3ms)[0m  INSERT INTO "creatures" ("name", "description", "created_at", "updated_at") VALUES (?, ?, ?, ?)  [["name", "Luke"], ["description", "Jedi"], ["created_at", "2016-05-02 00:31:33.274634"], ["updated_at", "2016-05-02 00:31:33.274634"]]
  [1m[36m (0.6ms)[0m  [1mcommit transaction[0m
  [1m[35m (0.0ms)[0m  begin transaction
  [1m[36mSQL (0.2ms)[0m  [1mINSERT INTO "creatures" ("name", "description", "created_at", "updated_at") VALUES (?, ?, ?, ?)[0m  [["name", "Darth Vader"], ["description", "Father of Luke"], ["created_at", "2016-05-02 00:31:33.276406"], ["updated_at", "2016-05-02 00:31:33.276406"]]
  [1m[35m (0.6ms)[0m  commit transaction
  [1m[36m (0.1ms)[0m  [1mSELECT COUNT(*) FROM "creatures"[0m


Started GET "/creatures" for ::1 at 2016-05-01 17:31:49 -0700
  [1m[36mActiveRecord::SchemaMigration Load (0.1ms)[0m  [1mSELECT "schema_migrations".* FROM "schema_migrations"[0m
Processing by CreaturesController#index as HTML
  [1m[35mCreature Load (0.2ms)[0m  SELECT "creatures".* FROM "creatures"
  Rendered creatures/index.html.erb within layouts/application (4.1ms)
Completed 200 OK in 1222ms (Views: 1210.3ms | ActiveRecord: 0.5ms)


Started GET "/assets/creatures.self-e3b0c44298fc1c149afbf4c8996fb92427ae41e4649b934ca495991b7852b855.css?body=1" for ::1 at 2016-05-01 17:31:51 -0700


Started GET "/assets/index.self-e3b0c44298fc1c149afbf4c8996fb92427ae41e4649b934ca495991b7852b855.css?body=1" for ::1 at 2016-05-01 17:31:51 -0700


Started GET "/assets/application.self-e80e8f2318043e8af94dddc2adad5a4f09739a8ebb323b3ab31cd71d45fd9113.css?body=1" for ::1 at 2016-05-01 17:31:51 -0700


Started GET "/assets/jquery.self-660adc51e0224b731d29f575a6f1ec167ba08ad06ed5deca4f1e8654c135bf4c.js?body=1" for ::1 at 2016-05-01 17:31:51 -0700


Started GET "/assets/jquery_ujs.self-e87806d0cf4489aeb1bb7288016024e8de67fd18db693fe026fe3907581e53cd.js?body=1" for ::1 at 2016-05-01 17:31:51 -0700


Started GET "/assets/turbolinks.self-c37727e9bd6b2735da5c311aa83fead54ed0be6cc8bd9a65309e9c5abe2cbfff.js?body=1" for ::1 at 2016-05-01 17:31:51 -0700


Started GET "/assets/creatures.self-877aef30ae1b040ab8a3aba4e3e309a11d7f2612f44dde450b5c157aa5f95c05.js?body=1" for ::1 at 2016-05-01 17:31:51 -0700


Started GET "/assets/index.self-877aef30ae1b040ab8a3aba4e3e309a11d7f2612f44dde450b5c157aa5f95c05.js?body=1" for ::1 at 2016-05-01 17:31:51 -0700


Started GET "/assets/application.self-3b8dabdc891efe46b9a144b400ad69e37d7e5876bdc39dee783419a69d7ca819.js?body=1" for ::1 at 2016-05-01 17:31:51 -0700


Started GET "/creatures" for ::1 at 2016-05-01 17:40:46 -0700

SyntaxError (/Users/ofer/wdi/exercises/ruby/rails-bog-app/bog_app/bog_app/bog_app/app/controllers/creatures_controller.rb:10: syntax error, unexpected ':', expecting keyword_end
    render: show
           ^):
  app/controllers/creatures_controller.rb:10: syntax error, unexpected ':', expecting keyword_end


  Rendered /Users/ofer/.rvm/gems/ruby-2.2.1/gems/actionpack-4.2.6/lib/action_dispatch/middleware/templates/rescues/_source.erb (2.9ms)
  Rendered /Users/ofer/.rvm/gems/ruby-2.2.1/gems/actionpack-4.2.6/lib/action_dispatch/middleware/templates/rescues/_trace.html.erb (1.5ms)
  Rendered /Users/ofer/.rvm/gems/ruby-2.2.1/gems/actionpack-4.2.6/lib/action_dispatch/middleware/templates/rescues/_request_and_response.html.erb (1.0ms)
  Rendered /Users/ofer/.rvm/gems/ruby-2.2.1/gems/actionpack-4.2.6/lib/action_dispatch/middleware/templates/rescues/diagnostics.html.erb within rescues/layout (41.4ms)
  Rendered /Users/ofer/.rvm/gems/ruby-2.2.1/gems/web-console-2.3.0/lib/web_console/templates/_markup.html.erb (0.2ms)
  Rendered /Users/ofer/.rvm/gems/ruby-2.2.1/gems/web-console-2.3.0/lib/web_console/templates/_inner_console_markup.html.erb within layouts/inlined_string (0.3ms)
  Rendered /Users/ofer/.rvm/gems/ruby-2.2.1/gems/web-console-2.3.0/lib/web_console/templates/_prompt_box_markup.html.erb within layouts/inlined_string (0.2ms)
  Rendered /Users/ofer/.rvm/gems/ruby-2.2.1/gems/web-console-2.3.0/lib/web_console/templates/style.css.erb within layouts/inlined_string (0.2ms)
  Rendered /Users/ofer/.rvm/gems/ruby-2.2.1/gems/web-console-2.3.0/lib/web_console/templates/console.js.erb within layouts/javascript (41.9ms)
  Rendered /Users/ofer/.rvm/gems/ruby-2.2.1/gems/web-console-2.3.0/lib/web_console/templates/main.js.erb within layouts/javascript (0.2ms)
  Rendered /Users/ofer/.rvm/gems/ruby-2.2.1/gems/web-console-2.3.0/lib/web_console/templates/error_page.js.erb within layouts/javascript (0.3ms)
  Rendered /Users/ofer/.rvm/gems/ruby-2.2.1/gems/web-console-2.3.0/lib/web_console/templates/index.html.erb (83.8ms)


Started GET "/creatures" for ::1 at 2016-05-01 17:41:06 -0700
Processing by CreaturesController#index as HTML
  [1m[36mCreature Load (0.3ms)[0m  [1mSELECT "creatures".* FROM "creatures"[0m
  Rendered creatures/index.html.erb within layouts/application (4.0ms)
Completed 200 OK in 21ms (Views: 18.4ms | ActiveRecord: 0.6ms)


Started GET "/assets/creatures.self-e3b0c44298fc1c149afbf4c8996fb92427ae41e4649b934ca495991b7852b855.css?body=1" for ::1 at 2016-05-01 17:41:06 -0700


Started GET "/assets/index.self-e3b0c44298fc1c149afbf4c8996fb92427ae41e4649b934ca495991b7852b855.css?body=1" for ::1 at 2016-05-01 17:41:07 -0700


Started GET "/assets/jquery.self-660adc51e0224b731d29f575a6f1ec167ba08ad06ed5deca4f1e8654c135bf4c.js?body=1" for ::1 at 2016-05-01 17:41:07 -0700


Started GET "/assets/application.self-e80e8f2318043e8af94dddc2adad5a4f09739a8ebb323b3ab31cd71d45fd9113.css?body=1" for ::1 at 2016-05-01 17:41:07 -0700


Started GET "/assets/creatures.self-877aef30ae1b040ab8a3aba4e3e309a11d7f2612f44dde450b5c157aa5f95c05.js?body=1" for ::1 at 2016-05-01 17:41:07 -0700


Started GET "/assets/jquery_ujs.self-e87806d0cf4489aeb1bb7288016024e8de67fd18db693fe026fe3907581e53cd.js?body=1" for ::1 at 2016-05-01 17:41:07 -0700


Started GET "/assets/turbolinks.self-c37727e9bd6b2735da5c311aa83fead54ed0be6cc8bd9a65309e9c5abe2cbfff.js?body=1" for ::1 at 2016-05-01 17:41:07 -0700


Started GET "/assets/index.self-877aef30ae1b040ab8a3aba4e3e309a11d7f2612f44dde450b5c157aa5f95c05.js?body=1" for ::1 at 2016-05-01 17:41:07 -0700


Started GET "/assets/application.self-3b8dabdc891efe46b9a144b400ad69e37d7e5876bdc39dee783419a69d7ca819.js?body=1" for ::1 at 2016-05-01 17:41:07 -0700


Started GET "/creatures" for ::1 at 2016-05-01 17:41:50 -0700
Processing by CreaturesController#index as HTML
  [1m[35mCreature Load (0.1ms)[0m  SELECT "creatures".* FROM "creatures"
  Rendered creatures/index.html.erb within layouts/application (2.8ms)
Completed 500 Internal Server Error in 6ms (ActiveRecord: 0.1ms)

ActionView::Template::Error (No route matches {:action=>"show", :controller=>"creatures"} missing required keys: [:id]):
    4:     <strong>Name: </strong> <%= creature.name %><br>
    5:     <strong>Description: </strong> <%= creature.description %><br>
    6:   </p>
    7:   <%= link_to "Show creature info", creature_path %>
    8:   <% end %>
  app/views/creatures/index.html.erb:7:in `block in _app_views_creatures_index_html_erb___26608675888775781_70258809284480'
  app/views/creatures/index.html.erb:2:in `_app_views_creatures_index_html_erb___26608675888775781_70258809284480'
  app/controllers/creatures_controller.rb:5:in `index'


  Rendered /Users/ofer/.rvm/gems/ruby-2.2.1/gems/actionpack-4.2.6/lib/action_dispatch/middleware/templates/rescues/_source.erb (6.4ms)
  Rendered /Users/ofer/.rvm/gems/ruby-2.2.1/gems/actionpack-4.2.6/lib/action_dispatch/middleware/templates/rescues/_trace.html.erb (3.8ms)
  Rendered /Users/ofer/.rvm/gems/ruby-2.2.1/gems/actionpack-4.2.6/lib/action_dispatch/middleware/templates/rescues/_request_and_response.html.erb (0.8ms)
  Rendered /Users/ofer/.rvm/gems/ruby-2.2.1/gems/actionpack-4.2.6/lib/action_dispatch/middleware/templates/rescues/template_error.html.erb within rescues/layout (57.4ms)
  Rendered /Users/ofer/.rvm/gems/ruby-2.2.1/gems/web-console-2.3.0/lib/web_console/templates/_markup.html.erb (0.4ms)
  Rendered /Users/ofer/.rvm/gems/ruby-2.2.1/gems/web-console-2.3.0/lib/web_console/templates/_inner_console_markup.html.erb within layouts/inlined_string (0.2ms)
  Rendered /Users/ofer/.rvm/gems/ruby-2.2.1/gems/web-console-2.3.0/lib/web_console/templates/_prompt_box_markup.html.erb within layouts/inlined_string (0.3ms)
  Rendered /Users/ofer/.rvm/gems/ruby-2.2.1/gems/web-console-2.3.0/lib/web_console/templates/style.css.erb within layouts/inlined_string (0.3ms)
  Rendered /Users/ofer/.rvm/gems/ruby-2.2.1/gems/web-console-2.3.0/lib/web_console/templates/console.js.erb within layouts/javascript (42.1ms)
  Rendered /Users/ofer/.rvm/gems/ruby-2.2.1/gems/web-console-2.3.0/lib/web_console/templates/main.js.erb within layouts/javascript (0.2ms)
  Rendered /Users/ofer/.rvm/gems/ruby-2.2.1/gems/web-console-2.3.0/lib/web_console/templates/error_page.js.erb within layouts/javascript (0.3ms)
  Rendered /Users/ofer/.rvm/gems/ruby-2.2.1/gems/web-console-2.3.0/lib/web_console/templates/index.html.erb (97.9ms)


Started GET "/creatures" for ::1 at 2016-05-01 17:42:23 -0700
Processing by CreaturesController#index as HTML
  [1m[36mCreature Load (0.1ms)[0m  [1mSELECT "creatures".* FROM "creatures"[0m
  Rendered creatures/index.html.erb within layouts/application (1.5ms)
Completed 200 OK in 19ms (Views: 18.0ms | ActiveRecord: 0.1ms)


Started GET "/assets/creatures.self-e3b0c44298fc1c149afbf4c8996fb92427ae41e4649b934ca495991b7852b855.css?body=1" for ::1 at 2016-05-01 17:42:23 -0700


Started GET "/assets/index.self-e3b0c44298fc1c149afbf4c8996fb92427ae41e4649b934ca495991b7852b855.css?body=1" for ::1 at 2016-05-01 17:42:23 -0700


Started GET "/assets/jquery.self-660adc51e0224b731d29f575a6f1ec167ba08ad06ed5deca4f1e8654c135bf4c.js?body=1" for ::1 at 2016-05-01 17:42:23 -0700


Started GET "/assets/creatures.self-877aef30ae1b040ab8a3aba4e3e309a11d7f2612f44dde450b5c157aa5f95c05.js?body=1" for ::1 at 2016-05-01 17:42:23 -0700


Started GET "/assets/application.self-e80e8f2318043e8af94dddc2adad5a4f09739a8ebb323b3ab31cd71d45fd9113.css?body=1" for ::1 at 2016-05-01 17:42:23 -0700


Started GET "/assets/jquery_ujs.self-e87806d0cf4489aeb1bb7288016024e8de67fd18db693fe026fe3907581e53cd.js?body=1" for ::1 at 2016-05-01 17:42:23 -0700


Started GET "/assets/turbolinks.self-c37727e9bd6b2735da5c311aa83fead54ed0be6cc8bd9a65309e9c5abe2cbfff.js?body=1" for ::1 at 2016-05-01 17:42:23 -0700


Started GET "/assets/index.self-877aef30ae1b040ab8a3aba4e3e309a11d7f2612f44dde450b5c157aa5f95c05.js?body=1" for ::1 at 2016-05-01 17:42:23 -0700


Started GET "/assets/application.self-3b8dabdc891efe46b9a144b400ad69e37d7e5876bdc39dee783419a69d7ca819.js?body=1" for ::1 at 2016-05-01 17:42:23 -0700


Started GET "/creatures/1" for ::1 at 2016-05-01 17:42:26 -0700
Processing by CreaturesController#show as HTML
  Parameters: {"id"=>"1"}
  [1m[35mCreature Load (0.2ms)[0m  SELECT  "creatures".* FROM "creatures" WHERE "creatures"."id" = ? LIMIT 1  [["id", 1]]
  Rendered creatures/show.html.erb within layouts/application (2.6ms)
Completed 500 Internal Server Error in 18ms (ActiveRecord: 0.2ms)

ActionView::Template::Error (undefined method `name' for nil:NilClass):
    1: <h3>Creature Info</h3>
    2: <p>
    3:   <strong>Name: </strong><%= @creatue.name  %><br>
    4:   <strong>Description: </strong><%= @creature.description %><br>
    5: </p>
  app/views/creatures/show.html.erb:3:in `_app_views_creatures_show_html_erb__3434513579998489890_70258809296680'
  app/controllers/creatures_controller.rb:10:in `show'


  Rendered /Users/ofer/.rvm/gems/ruby-2.2.1/gems/actionpack-4.2.6/lib/action_dispatch/middleware/templates/rescues/_source.erb (4.7ms)
  Rendered /Users/ofer/.rvm/gems/ruby-2.2.1/gems/actionpack-4.2.6/lib/action_dispatch/middleware/templates/rescues/_trace.html.erb (1.9ms)
  Rendered /Users/ofer/.rvm/gems/ruby-2.2.1/gems/actionpack-4.2.6/lib/action_dispatch/middleware/templates/rescues/_request_and_response.html.erb (0.7ms)
  Rendered /Users/ofer/.rvm/gems/ruby-2.2.1/gems/actionpack-4.2.6/lib/action_dispatch/middleware/templates/rescues/template_error.html.erb within rescues/layout (42.6ms)
  Rendered /Users/ofer/.rvm/gems/ruby-2.2.1/gems/web-console-2.3.0/lib/web_console/templates/_markup.html.erb (0.2ms)
  Rendered /Users/ofer/.rvm/gems/ruby-2.2.1/gems/web-console-2.3.0/lib/web_console/templates/_inner_console_markup.html.erb within layouts/inlined_string (0.2ms)
  Rendered /Users/ofer/.rvm/gems/ruby-2.2.1/gems/web-console-2.3.0/lib/web_console/templates/_prompt_box_markup.html.erb within layouts/inlined_string (0.4ms)
  Rendered /Users/ofer/.rvm/gems/ruby-2.2.1/gems/web-console-2.3.0/lib/web_console/templates/style.css.erb within layouts/inlined_string (0.2ms)
  Rendered /Users/ofer/.rvm/gems/ruby-2.2.1/gems/web-console-2.3.0/lib/web_console/templates/console.js.erb within layouts/javascript (34.0ms)
  Rendered /Users/ofer/.rvm/gems/ruby-2.2.1/gems/web-console-2.3.0/lib/web_console/templates/main.js.erb within layouts/javascript (0.2ms)
  Rendered /Users/ofer/.rvm/gems/ruby-2.2.1/gems/web-console-2.3.0/lib/web_console/templates/error_page.js.erb within layouts/javascript (0.2ms)
  Rendered /Users/ofer/.rvm/gems/ruby-2.2.1/gems/web-console-2.3.0/lib/web_console/templates/index.html.erb (75.0ms)


Started GET "/creatures/1" for ::1 at 2016-05-01 17:42:26 -0700
Processing by CreaturesController#show as HTML
  Parameters: {"id"=>"1"}
  [1m[36mCreature Load (0.1ms)[0m  [1mSELECT  "creatures".* FROM "creatures" WHERE "creatures"."id" = ? LIMIT 1[0m  [["id", 1]]
  Rendered creatures/show.html.erb within layouts/application (3.1ms)
Completed 500 Internal Server Error in 8ms (ActiveRecord: 0.1ms)

ActionView::Template::Error (undefined method `name' for nil:NilClass):
    1: <h3>Creature Info</h3>
    2: <p>
    3:   <strong>Name: </strong><%= @creatue.name  %><br>
    4:   <strong>Description: </strong><%= @creature.description %><br>
    5: </p>
  app/views/creatures/show.html.erb:3:in `_app_views_creatures_show_html_erb__3434513579998489890_70258774574100'
  app/controllers/creatures_controller.rb:10:in `show'


  Rendered /Users/ofer/.rvm/gems/ruby-2.2.1/gems/actionpack-4.2.6/lib/action_dispatch/middleware/templates/rescues/_source.erb (4.8ms)
  Rendered /Users/ofer/.rvm/gems/ruby-2.2.1/gems/actionpack-4.2.6/lib/action_dispatch/middleware/templates/rescues/_trace.html.erb (2.1ms)
  Rendered /Users/ofer/.rvm/gems/ruby-2.2.1/gems/actionpack-4.2.6/lib/action_dispatch/middleware/templates/rescues/_request_and_response.html.erb (0.7ms)
  Rendered /Users/ofer/.rvm/gems/ruby-2.2.1/gems/actionpack-4.2.6/lib/action_dispatch/middleware/templates/rescues/template_error.html.erb within rescues/layout (44.1ms)
  Rendered /Users/ofer/.rvm/gems/ruby-2.2.1/gems/web-console-2.3.0/lib/web_console/templates/_markup.html.erb (0.2ms)
  Rendered /Users/ofer/.rvm/gems/ruby-2.2.1/gems/web-console-2.3.0/lib/web_console/templates/_inner_console_markup.html.erb within layouts/inlined_string (0.2ms)
  Rendered /Users/ofer/.rvm/gems/ruby-2.2.1/gems/web-console-2.3.0/lib/web_console/templates/_prompt_box_markup.html.erb within layouts/inlined_string (0.2ms)
  Rendered /Users/ofer/.rvm/gems/ruby-2.2.1/gems/web-console-2.3.0/lib/web_console/templates/style.css.erb within layouts/inlined_string (0.2ms)
  Rendered /Users/ofer/.rvm/gems/ruby-2.2.1/gems/web-console-2.3.0/lib/web_console/templates/console.js.erb within layouts/javascript (42.1ms)
  Rendered /Users/ofer/.rvm/gems/ruby-2.2.1/gems/web-console-2.3.0/lib/web_console/templates/main.js.erb within layouts/javascript (0.2ms)
  Rendered /Users/ofer/.rvm/gems/ruby-2.2.1/gems/web-console-2.3.0/lib/web_console/templates/error_page.js.erb within layouts/javascript (0.2ms)
  Rendered /Users/ofer/.rvm/gems/ruby-2.2.1/gems/web-console-2.3.0/lib/web_console/templates/index.html.erb (84.9ms)


Started GET "/creatures/1" for ::1 at 2016-05-01 17:42:50 -0700
Processing by CreaturesController#show as HTML
  Parameters: {"id"=>"1"}
  [1m[35mCreature Load (0.1ms)[0m  SELECT  "creatures".* FROM "creatures" WHERE "creatures"."id" = ? LIMIT 1  [["id", 1]]
  Rendered creatures/show.html.erb within layouts/application (0.4ms)
Completed 200 OK in 16ms (Views: 15.3ms | ActiveRecord: 0.1ms)


Started GET "/assets/creatures.self-e3b0c44298fc1c149afbf4c8996fb92427ae41e4649b934ca495991b7852b855.css?body=1" for ::1 at 2016-05-01 17:42:50 -0700


Started GET "/assets/index.self-e3b0c44298fc1c149afbf4c8996fb92427ae41e4649b934ca495991b7852b855.css?body=1" for ::1 at 2016-05-01 17:42:50 -0700


Started GET "/assets/application.self-e80e8f2318043e8af94dddc2adad5a4f09739a8ebb323b3ab31cd71d45fd9113.css?body=1" for ::1 at 2016-05-01 17:42:50 -0700


Started GET "/assets/index.self-877aef30ae1b040ab8a3aba4e3e309a11d7f2612f44dde450b5c157aa5f95c05.js?body=1" for ::1 at 2016-05-01 17:42:50 -0700


Started GET "/assets/application.self-3b8dabdc891efe46b9a144b400ad69e37d7e5876bdc39dee783419a69d7ca819.js?body=1" for ::1 at 2016-05-01 17:42:50 -0700


Started GET "/assets/jquery.self-660adc51e0224b731d29f575a6f1ec167ba08ad06ed5deca4f1e8654c135bf4c.js?body=1" for ::1 at 2016-05-01 17:42:50 -0700


Started GET "/assets/turbolinks.self-c37727e9bd6b2735da5c311aa83fead54ed0be6cc8bd9a65309e9c5abe2cbfff.js?body=1" for ::1 at 2016-05-01 17:42:50 -0700


Started GET "/assets/creatures.self-877aef30ae1b040ab8a3aba4e3e309a11d7f2612f44dde450b5c157aa5f95c05.js?body=1" for ::1 at 2016-05-01 17:42:50 -0700


Started GET "/assets/jquery_ujs.self-e87806d0cf4489aeb1bb7288016024e8de67fd18db693fe026fe3907581e53cd.js?body=1" for ::1 at 2016-05-01 17:42:50 -0700


Started GET "/creatures/1" for ::1 at 2016-05-01 18:35:46 -0700
Processing by CreaturesController#show as HTML
  Parameters: {"id"=>"1"}
  [1m[36mCreature Load (0.1ms)[0m  [1mSELECT  "creatures".* FROM "creatures" WHERE "creatures"."id" = ? LIMIT 1[0m  [["id", 1]]
  Rendered creatures/show.html.erb within layouts/application (0.4ms)
Completed 200 OK in 26ms (Views: 21.1ms | ActiveRecord: 0.5ms)


Started GET "/assets/application.self-e80e8f2318043e8af94dddc2adad5a4f09739a8ebb323b3ab31cd71d45fd9113.css?body=1" for ::1 at 2016-05-01 18:35:46 -0700


Started GET "/assets/jquery.self-660adc51e0224b731d29f575a6f1ec167ba08ad06ed5deca4f1e8654c135bf4c.js?body=1" for ::1 at 2016-05-01 18:35:47 -0700


Started GET "/assets/creatures.self-e3b0c44298fc1c149afbf4c8996fb92427ae41e4649b934ca495991b7852b855.css?body=1" for ::1 at 2016-05-01 18:35:47 -0700


Started GET "/assets/index.self-e3b0c44298fc1c149afbf4c8996fb92427ae41e4649b934ca495991b7852b855.css?body=1" for ::1 at 2016-05-01 18:35:47 -0700


Started GET "/assets/turbolinks.self-c37727e9bd6b2735da5c311aa83fead54ed0be6cc8bd9a65309e9c5abe2cbfff.js?body=1" for ::1 at 2016-05-01 18:35:47 -0700


Started GET "/assets/jquery_ujs.self-e87806d0cf4489aeb1bb7288016024e8de67fd18db693fe026fe3907581e53cd.js?body=1" for ::1 at 2016-05-01 18:35:47 -0700


Started GET "/assets/application.self-3b8dabdc891efe46b9a144b400ad69e37d7e5876bdc39dee783419a69d7ca819.js?body=1" for ::1 at 2016-05-01 18:35:47 -0700


Started GET "/assets/creatures.self-877aef30ae1b040ab8a3aba4e3e309a11d7f2612f44dde450b5c157aa5f95c05.js?body=1" for ::1 at 2016-05-01 18:35:47 -0700


Started GET "/assets/index.self-877aef30ae1b040ab8a3aba4e3e309a11d7f2612f44dde450b5c157aa5f95c05.js?body=1" for ::1 at 2016-05-01 18:35:47 -0700


Started GET "/creatures" for ::1 at 2016-05-01 18:35:56 -0700
Processing by CreaturesController#index as HTML
  [1m[35mCreature Load (0.1ms)[0m  SELECT "creatures".* FROM "creatures"
  Rendered creatures/index.html.erb within layouts/application (1.7ms)
Completed 200 OK in 16ms (Views: 15.4ms | ActiveRecord: 0.1ms)


Started GET "/assets/index.self-e3b0c44298fc1c149afbf4c8996fb92427ae41e4649b934ca495991b7852b855.css?body=1" for ::1 at 2016-05-01 18:35:56 -0700


Started GET "/assets/creatures.self-e3b0c44298fc1c149afbf4c8996fb92427ae41e4649b934ca495991b7852b855.css?body=1" for ::1 at 2016-05-01 18:35:56 -0700


Started GET "/assets/application.self-e80e8f2318043e8af94dddc2adad5a4f09739a8ebb323b3ab31cd71d45fd9113.css?body=1" for ::1 at 2016-05-01 18:35:56 -0700


Started GET "/assets/turbolinks.self-c37727e9bd6b2735da5c311aa83fead54ed0be6cc8bd9a65309e9c5abe2cbfff.js?body=1" for ::1 at 2016-05-01 18:35:56 -0700


Started GET "/assets/jquery.self-660adc51e0224b731d29f575a6f1ec167ba08ad06ed5deca4f1e8654c135bf4c.js?body=1" for ::1 at 2016-05-01 18:35:56 -0700


Started GET "/assets/jquery_ujs.self-e87806d0cf4489aeb1bb7288016024e8de67fd18db693fe026fe3907581e53cd.js?body=1" for ::1 at 2016-05-01 18:35:56 -0700


Started GET "/assets/creatures.self-877aef30ae1b040ab8a3aba4e3e309a11d7f2612f44dde450b5c157aa5f95c05.js?body=1" for ::1 at 2016-05-01 18:35:56 -0700


Started GET "/assets/index.self-877aef30ae1b040ab8a3aba4e3e309a11d7f2612f44dde450b5c157aa5f95c05.js?body=1" for ::1 at 2016-05-01 18:35:56 -0700


Started GET "/assets/application.self-3b8dabdc891efe46b9a144b400ad69e37d7e5876bdc39dee783419a69d7ca819.js?body=1" for ::1 at 2016-05-01 18:35:56 -0700


Started GET "/creatures" for ::1 at 2016-05-01 18:36:07 -0700
Processing by CreaturesController#index as HTML
  [1m[36mCreature Load (0.2ms)[0m  [1mSELECT "creatures".* FROM "creatures"[0m
  Rendered creatures/index.html.erb within layouts/application (1.7ms)
Completed 200 OK in 18ms (Views: 17.5ms | ActiveRecord: 0.2ms)


Started GET "/assets/jquery_ujs.self-e87806d0cf4489aeb1bb7288016024e8de67fd18db693fe026fe3907581e53cd.js?body=1" for ::1 at 2016-05-01 18:36:08 -0700


Started GET "/assets/index.self-e3b0c44298fc1c149afbf4c8996fb92427ae41e4649b934ca495991b7852b855.css?body=1" for ::1 at 2016-05-01 18:36:08 -0700


Started GET "/assets/creatures.self-e3b0c44298fc1c149afbf4c8996fb92427ae41e4649b934ca495991b7852b855.css?body=1" for ::1 at 2016-05-01 18:36:08 -0700


Started GET "/assets/turbolinks.self-c37727e9bd6b2735da5c311aa83fead54ed0be6cc8bd9a65309e9c5abe2cbfff.js?body=1" for ::1 at 2016-05-01 18:36:08 -0700


Started GET "/assets/jquery.self-660adc51e0224b731d29f575a6f1ec167ba08ad06ed5deca4f1e8654c135bf4c.js?body=1" for ::1 at 2016-05-01 18:36:08 -0700


Started GET "/assets/application.self-e80e8f2318043e8af94dddc2adad5a4f09739a8ebb323b3ab31cd71d45fd9113.css?body=1" for ::1 at 2016-05-01 18:36:08 -0700


Started GET "/assets/creatures.self-877aef30ae1b040ab8a3aba4e3e309a11d7f2612f44dde450b5c157aa5f95c05.js?body=1" for ::1 at 2016-05-01 18:36:08 -0700


Started GET "/assets/index.self-877aef30ae1b040ab8a3aba4e3e309a11d7f2612f44dde450b5c157aa5f95c05.js?body=1" for ::1 at 2016-05-01 18:36:08 -0700


Started GET "/assets/application.self-3b8dabdc891efe46b9a144b400ad69e37d7e5876bdc39dee783419a69d7ca819.js?body=1" for ::1 at 2016-05-01 18:36:08 -0700


Started GET "/creatures/new" for ::1 at 2016-05-01 18:36:09 -0700
Processing by CreaturesController#show as HTML
  Parameters: {"id"=>"new"}
  [1m[35mCreature Load (0.1ms)[0m  SELECT  "creatures".* FROM "creatures" WHERE "creatures"."id" = ? LIMIT 1  [["id", 0]]
Completed 404 Not Found in 1ms (ActiveRecord: 0.1ms)

ActiveRecord::RecordNotFound (Couldn't find Creature with 'id'=new):
  app/controllers/creatures_controller.rb:9:in `show'


  Rendered /Users/ofer/.rvm/gems/ruby-2.2.1/gems/actionpack-4.2.6/lib/action_dispatch/middleware/templates/rescues/_source.erb (3.6ms)
  Rendered /Users/ofer/.rvm/gems/ruby-2.2.1/gems/actionpack-4.2.6/lib/action_dispatch/middleware/templates/rescues/_trace.html.erb (1.8ms)
  Rendered /Users/ofer/.rvm/gems/ruby-2.2.1/gems/actionpack-4.2.6/lib/action_dispatch/middleware/templates/rescues/_request_and_response.html.erb (0.7ms)
  Rendered /Users/ofer/.rvm/gems/ruby-2.2.1/gems/actionpack-4.2.6/lib/action_dispatch/middleware/templates/rescues/diagnostics.html.erb within rescues/layout (42.2ms)
  Rendered /Users/ofer/.rvm/gems/ruby-2.2.1/gems/web-console-2.3.0/lib/web_console/templates/_markup.html.erb (0.3ms)
  Rendered /Users/ofer/.rvm/gems/ruby-2.2.1/gems/web-console-2.3.0/lib/web_console/templates/_inner_console_markup.html.erb within layouts/inlined_string (0.2ms)
  Rendered /Users/ofer/.rvm/gems/ruby-2.2.1/gems/web-console-2.3.0/lib/web_console/templates/_prompt_box_markup.html.erb within layouts/inlined_string (0.2ms)
  Rendered /Users/ofer/.rvm/gems/ruby-2.2.1/gems/web-console-2.3.0/lib/web_console/templates/style.css.erb within layouts/inlined_string (0.2ms)
  Rendered /Users/ofer/.rvm/gems/ruby-2.2.1/gems/web-console-2.3.0/lib/web_console/templates/console.js.erb within layouts/javascript (34.6ms)
  Rendered /Users/ofer/.rvm/gems/ruby-2.2.1/gems/web-console-2.3.0/lib/web_console/templates/main.js.erb within layouts/javascript (0.2ms)
  Rendered /Users/ofer/.rvm/gems/ruby-2.2.1/gems/web-console-2.3.0/lib/web_console/templates/error_page.js.erb within layouts/javascript (0.3ms)
  Rendered /Users/ofer/.rvm/gems/ruby-2.2.1/gems/web-console-2.3.0/lib/web_console/templates/index.html.erb (76.1ms)


Started GET "/creatures/new" for ::1 at 2016-05-01 18:36:09 -0700
Processing by CreaturesController#show as HTML
  Parameters: {"id"=>"new"}
  [1m[36mCreature Load (0.1ms)[0m  [1mSELECT  "creatures".* FROM "creatures" WHERE "creatures"."id" = ? LIMIT 1[0m  [["id", 0]]
Completed 404 Not Found in 2ms (ActiveRecord: 0.1ms)

ActiveRecord::RecordNotFound (Couldn't find Creature with 'id'=new):
  app/controllers/creatures_controller.rb:9:in `show'


  Rendered /Users/ofer/.rvm/gems/ruby-2.2.1/gems/actionpack-4.2.6/lib/action_dispatch/middleware/templates/rescues/_source.erb (9.8ms)
  Rendered /Users/ofer/.rvm/gems/ruby-2.2.1/gems/actionpack-4.2.6/lib/action_dispatch/middleware/templates/rescues/_trace.html.erb (1.6ms)
  Rendered /Users/ofer/.rvm/gems/ruby-2.2.1/gems/actionpack-4.2.6/lib/action_dispatch/middleware/templates/rescues/_request_and_response.html.erb (0.7ms)
  Rendered /Users/ofer/.rvm/gems/ruby-2.2.1/gems/actionpack-4.2.6/lib/action_dispatch/middleware/templates/rescues/diagnostics.html.erb within rescues/layout (48.9ms)
  Rendered /Users/ofer/.rvm/gems/ruby-2.2.1/gems/web-console-2.3.0/lib/web_console/templates/_markup.html.erb (0.2ms)
  Rendered /Users/ofer/.rvm/gems/ruby-2.2.1/gems/web-console-2.3.0/lib/web_console/templates/_inner_console_markup.html.erb within layouts/inlined_string (0.2ms)
  Rendered /Users/ofer/.rvm/gems/ruby-2.2.1/gems/web-console-2.3.0/lib/web_console/templates/_prompt_box_markup.html.erb within layouts/inlined_string (0.2ms)
  Rendered /Users/ofer/.rvm/gems/ruby-2.2.1/gems/web-console-2.3.0/lib/web_console/templates/style.css.erb within layouts/inlined_string (0.4ms)
  Rendered /Users/ofer/.rvm/gems/ruby-2.2.1/gems/web-console-2.3.0/lib/web_console/templates/console.js.erb within layouts/javascript (44.4ms)
  Rendered /Users/ofer/.rvm/gems/ruby-2.2.1/gems/web-console-2.3.0/lib/web_console/templates/main.js.erb within layouts/javascript (0.3ms)
  Rendered /Users/ofer/.rvm/gems/ruby-2.2.1/gems/web-console-2.3.0/lib/web_console/templates/error_page.js.erb within layouts/javascript (0.2ms)
  Rendered /Users/ofer/.rvm/gems/ruby-2.2.1/gems/web-console-2.3.0/lib/web_console/templates/index.html.erb (90.2ms)


Started GET "/creatures" for ::1 at 2016-05-01 18:37:44 -0700
Processing by CreaturesController#index as HTML
  [1m[35mCreature Load (0.3ms)[0m  SELECT "creatures".* FROM "creatures"
  Rendered creatures/index.html.erb within layouts/application (3.9ms)
Completed 200 OK in 20ms (Views: 18.1ms | ActiveRecord: 0.5ms)


Started GET "/assets/creatures.self-e3b0c44298fc1c149afbf4c8996fb92427ae41e4649b934ca495991b7852b855.css?body=1" for ::1 at 2016-05-01 18:37:45 -0700


Started GET "/assets/application.self-e80e8f2318043e8af94dddc2adad5a4f09739a8ebb323b3ab31cd71d45fd9113.css?body=1" for ::1 at 2016-05-01 18:37:45 -0700


Started GET "/assets/index.self-e3b0c44298fc1c149afbf4c8996fb92427ae41e4649b934ca495991b7852b855.css?body=1" for ::1 at 2016-05-01 18:37:45 -0700


Started GET "/assets/turbolinks.self-c37727e9bd6b2735da5c311aa83fead54ed0be6cc8bd9a65309e9c5abe2cbfff.js?body=1" for ::1 at 2016-05-01 18:37:45 -0700


Started GET "/assets/jquery_ujs.self-e87806d0cf4489aeb1bb7288016024e8de67fd18db693fe026fe3907581e53cd.js?body=1" for ::1 at 2016-05-01 18:37:45 -0700


Started GET "/assets/jquery.self-660adc51e0224b731d29f575a6f1ec167ba08ad06ed5deca4f1e8654c135bf4c.js?body=1" for ::1 at 2016-05-01 18:37:45 -0700


Started GET "/assets/creatures.self-877aef30ae1b040ab8a3aba4e3e309a11d7f2612f44dde450b5c157aa5f95c05.js?body=1" for ::1 at 2016-05-01 18:37:45 -0700


Started GET "/assets/index.self-877aef30ae1b040ab8a3aba4e3e309a11d7f2612f44dde450b5c157aa5f95c05.js?body=1" for ::1 at 2016-05-01 18:37:45 -0700


Started GET "/assets/application.self-3b8dabdc891efe46b9a144b400ad69e37d7e5876bdc39dee783419a69d7ca819.js?body=1" for ::1 at 2016-05-01 18:37:45 -0700


Started GET "/creatures/new" for ::1 at 2016-05-01 18:37:46 -0700
Processing by CreaturesController#new as HTML
  Rendered creatures/new.html.erb within layouts/application (11.1ms)
Completed 200 OK in 26ms (Views: 25.3ms | ActiveRecord: 0.0ms)


Started GET "/creatures/new" for ::1 at 2016-05-01 18:38:13 -0700
Processing by CreaturesController#new as HTML
  Rendered creatures/new.html.erb within layouts/application (1.6ms)
Completed 200 OK in 16ms (Views: 15.0ms | ActiveRecord: 0.0ms)


Started GET "/assets/creatures.self-e3b0c44298fc1c149afbf4c8996fb92427ae41e4649b934ca495991b7852b855.css?body=1" for ::1 at 2016-05-01 18:38:13 -0700


Started GET "/assets/application.self-e80e8f2318043e8af94dddc2adad5a4f09739a8ebb323b3ab31cd71d45fd9113.css?body=1" for ::1 at 2016-05-01 18:38:13 -0700


Started GET "/assets/jquery.self-660adc51e0224b731d29f575a6f1ec167ba08ad06ed5deca4f1e8654c135bf4c.js?body=1" for ::1 at 2016-05-01 18:38:13 -0700


Started GET "/assets/index.self-e3b0c44298fc1c149afbf4c8996fb92427ae41e4649b934ca495991b7852b855.css?body=1" for ::1 at 2016-05-01 18:38:13 -0700


Started GET "/assets/jquery_ujs.self-e87806d0cf4489aeb1bb7288016024e8de67fd18db693fe026fe3907581e53cd.js?body=1" for ::1 at 2016-05-01 18:38:13 -0700


Started GET "/assets/turbolinks.self-c37727e9bd6b2735da5c311aa83fead54ed0be6cc8bd9a65309e9c5abe2cbfff.js?body=1" for ::1 at 2016-05-01 18:38:13 -0700


Started GET "/assets/creatures.self-877aef30ae1b040ab8a3aba4e3e309a11d7f2612f44dde450b5c157aa5f95c05.js?body=1" for ::1 at 2016-05-01 18:38:13 -0700


Started GET "/assets/index.self-877aef30ae1b040ab8a3aba4e3e309a11d7f2612f44dde450b5c157aa5f95c05.js?body=1" for ::1 at 2016-05-01 18:38:13 -0700


Started GET "/assets/application.self-3b8dabdc891efe46b9a144b400ad69e37d7e5876bdc39dee783419a69d7ca819.js?body=1" for ::1 at 2016-05-01 18:38:13 -0700


Started GET "/creatures/new" for ::1 at 2016-05-01 18:38:24 -0700
Processing by CreaturesController#new as HTML
  Rendered creatures/new.html.erb within layouts/application (1.1ms)
Completed 200 OK in 16ms (Views: 15.3ms | ActiveRecord: 0.0ms)


Started GET "/assets/index.self-e3b0c44298fc1c149afbf4c8996fb92427ae41e4649b934ca495991b7852b855.css?body=1" for ::1 at 2016-05-01 18:38:24 -0700


Started GET "/assets/application.self-e80e8f2318043e8af94dddc2adad5a4f09739a8ebb323b3ab31cd71d45fd9113.css?body=1" for ::1 at 2016-05-01 18:38:24 -0700


Started GET "/assets/creatures.self-e3b0c44298fc1c149afbf4c8996fb92427ae41e4649b934ca495991b7852b855.css?body=1" for ::1 at 2016-05-01 18:38:24 -0700


Started GET "/assets/jquery.self-660adc51e0224b731d29f575a6f1ec167ba08ad06ed5deca4f1e8654c135bf4c.js?body=1" for ::1 at 2016-05-01 18:38:24 -0700


Started GET "/assets/jquery_ujs.self-e87806d0cf4489aeb1bb7288016024e8de67fd18db693fe026fe3907581e53cd.js?body=1" for ::1 at 2016-05-01 18:38:24 -0700


Started GET "/assets/turbolinks.self-c37727e9bd6b2735da5c311aa83fead54ed0be6cc8bd9a65309e9c5abe2cbfff.js?body=1" for ::1 at 2016-05-01 18:38:24 -0700


Started GET "/assets/creatures.self-877aef30ae1b040ab8a3aba4e3e309a11d7f2612f44dde450b5c157aa5f95c05.js?body=1" for ::1 at 2016-05-01 18:38:24 -0700


Started GET "/assets/index.self-877aef30ae1b040ab8a3aba4e3e309a11d7f2612f44dde450b5c157aa5f95c05.js?body=1" for ::1 at 2016-05-01 18:38:24 -0700


Started GET "/assets/application.self-3b8dabdc891efe46b9a144b400ad69e37d7e5876bdc39dee783419a69d7ca819.js?body=1" for ::1 at 2016-05-01 18:38:24 -0700


Started POST "/creatures" for ::1 at 2016-05-01 18:38:33 -0700

AbstractController::ActionNotFound (The action 'create' could not be found for CreaturesController):
  actionpack (4.2.6) lib/abstract_controller/base.rb:132:in `process'
  actionview (4.2.6) lib/action_view/rendering.rb:30:in `process'
  actionpack (4.2.6) lib/action_controller/metal.rb:196:in `dispatch'
  actionpack (4.2.6) lib/action_controller/metal/rack_delegation.rb:13:in `dispatch'
  actionpack (4.2.6) lib/action_controller/metal.rb:237:in `block in action'
  actionpack (4.2.6) lib/action_dispatch/routing/route_set.rb:74:in `call'
  actionpack (4.2.6) lib/action_dispatch/routing/route_set.rb:74:in `dispatch'
  actionpack (4.2.6) lib/action_dispatch/routing/route_set.rb:43:in `serve'
  actionpack (4.2.6) lib/action_dispatch/journey/router.rb:43:in `block in serve'
  actionpack (4.2.6) lib/action_dispatch/journey/router.rb:30:in `each'
  actionpack (4.2.6) lib/action_dispatch/journey/router.rb:30:in `serve'
  actionpack (4.2.6) lib/action_dispatch/routing/route_set.rb:817:in `call'
  rack (1.6.4) lib/rack/etag.rb:24:in `call'
  rack (1.6.4) lib/rack/conditionalget.rb:38:in `call'
  rack (1.6.4) lib/rack/head.rb:13:in `call'
  actionpack (4.2.6) lib/action_dispatch/middleware/params_parser.rb:27:in `call'
  actionpack (4.2.6) lib/action_dispatch/middleware/flash.rb:260:in `call'
  rack (1.6.4) lib/rack/session/abstract/id.rb:225:in `context'
  rack (1.6.4) lib/rack/session/abstract/id.rb:220:in `call'
  actionpack (4.2.6) lib/action_dispatch/middleware/cookies.rb:560:in `call'
  activerecord (4.2.6) lib/active_record/query_cache.rb:36:in `call'
  activerecord (4.2.6) lib/active_record/connection_adapters/abstract/connection_pool.rb:653:in `call'
  activerecord (4.2.6) lib/active_record/migration.rb:377:in `call'
  actionpack (4.2.6) lib/action_dispatch/middleware/callbacks.rb:29:in `block in call'
  activesupport (4.2.6) lib/active_support/callbacks.rb:88:in `__run_callbacks__'
  activesupport (4.2.6) lib/active_support/callbacks.rb:778:in `_run_call_callbacks'
  activesupport (4.2.6) lib/active_support/callbacks.rb:81:in `run_callbacks'
  actionpack (4.2.6) lib/action_dispatch/middleware/callbacks.rb:27:in `call'
  actionpack (4.2.6) lib/action_dispatch/middleware/reloader.rb:73:in `call'
  actionpack (4.2.6) lib/action_dispatch/middleware/remote_ip.rb:78:in `call'
  actionpack (4.2.6) lib/action_dispatch/middleware/debug_exceptions.rb:17:in `call'
  web-console (2.3.0) lib/web_console/middleware.rb:28:in `block in call'
  web-console (2.3.0) lib/web_console/middleware.rb:18:in `catch'
  web-console (2.3.0) lib/web_console/middleware.rb:18:in `call'
  actionpack (4.2.6) lib/action_dispatch/middleware/show_exceptions.rb:30:in `call'
  railties (4.2.6) lib/rails/rack/logger.rb:38:in `call_app'
  railties (4.2.6) lib/rails/rack/logger.rb:20:in `block in call'
  activesupport (4.2.6) lib/active_support/tagged_logging.rb:68:in `block in tagged'
  activesupport (4.2.6) lib/active_support/tagged_logging.rb:26:in `tagged'
  activesupport (4.2.6) lib/active_support/tagged_logging.rb:68:in `tagged'
  railties (4.2.6) lib/rails/rack/logger.rb:20:in `call'
  actionpack (4.2.6) lib/action_dispatch/middleware/request_id.rb:21:in `call'
  rack (1.6.4) lib/rack/methodoverride.rb:22:in `call'
  rack (1.6.4) lib/rack/runtime.rb:18:in `call'
  activesupport (4.2.6) lib/active_support/cache/strategy/local_cache_middleware.rb:28:in `call'
  rack (1.6.4) lib/rack/lock.rb:17:in `call'
  actionpack (4.2.6) lib/action_dispatch/middleware/static.rb:120:in `call'
  rack (1.6.4) lib/rack/sendfile.rb:113:in `call'
  railties (4.2.6) lib/rails/engine.rb:518:in `call'
  railties (4.2.6) lib/rails/application.rb:165:in `call'
  rack (1.6.4) lib/rack/lock.rb:17:in `call'
  rack (1.6.4) lib/rack/content_length.rb:15:in `call'
  rack (1.6.4) lib/rack/handler/webrick.rb:88:in `service'
  /Users/ofer/.rvm/rubies/ruby-2.2.1/lib/ruby/2.2.0/webrick/httpserver.rb:138:in `service'
  /Users/ofer/.rvm/rubies/ruby-2.2.1/lib/ruby/2.2.0/webrick/httpserver.rb:94:in `run'
  /Users/ofer/.rvm/rubies/ruby-2.2.1/lib/ruby/2.2.0/webrick/server.rb:294:in `block in start_thread'


  Rendered /Users/ofer/.rvm/gems/ruby-2.2.1/gems/actionpack-4.2.6/lib/action_dispatch/middleware/templates/rescues/unknown_action.html.erb within rescues/layout (0.4ms)
  Rendered /Users/ofer/.rvm/gems/ruby-2.2.1/gems/web-console-2.3.0/lib/web_console/templates/_markup.html.erb (0.3ms)
  Rendered /Users/ofer/.rvm/gems/ruby-2.2.1/gems/web-console-2.3.0/lib/web_console/templates/_inner_console_markup.html.erb within layouts/inlined_string (0.3ms)
  Rendered /Users/ofer/.rvm/gems/ruby-2.2.1/gems/web-console-2.3.0/lib/web_console/templates/_prompt_box_markup.html.erb within layouts/inlined_string (0.3ms)
  Rendered /Users/ofer/.rvm/gems/ruby-2.2.1/gems/web-console-2.3.0/lib/web_console/templates/style.css.erb within layouts/inlined_string (0.3ms)
  Rendered /Users/ofer/.rvm/gems/ruby-2.2.1/gems/web-console-2.3.0/lib/web_console/templates/console.js.erb within layouts/javascript (35.9ms)
  Rendered /Users/ofer/.rvm/gems/ruby-2.2.1/gems/web-console-2.3.0/lib/web_console/templates/main.js.erb within layouts/javascript (0.4ms)
  Rendered /Users/ofer/.rvm/gems/ruby-2.2.1/gems/web-console-2.3.0/lib/web_console/templates/error_page.js.erb within layouts/javascript (0.3ms)
  Rendered /Users/ofer/.rvm/gems/ruby-2.2.1/gems/web-console-2.3.0/lib/web_console/templates/index.html.erb (98.3ms)


Started POST "/creatures" for ::1 at 2016-05-01 18:52:31 -0700
Processing by CreaturesController#create as HTML
  Parameters: {"utf8"=>"✓", "authenticity_token"=>"6Ba0wWx9L7PJMCOfsXD9flEkq70TzBfitwYR11SObEcU9MqvBGCneBe73XKsLhzxljbbyPYBmWtfbctbeKZlKw==", "creature"=>{"name"=>"TEST", "description"=>"111111"}, "commit"=>"Create Creature"}
Completed 400 Bad Request in 2ms (ActiveRecord: 0.0ms)

ActionController::ParameterMissing (param is missing or the value is empty: create):
  app/controllers/creatures_controller.rb:26:in `creature_params'
  app/controllers/creatures_controller.rb:19:in `create'


  Rendered /Users/ofer/.rvm/gems/ruby-2.2.1/gems/actionpack-4.2.6/lib/action_dispatch/middleware/templates/rescues/_source.erb (6.6ms)
  Rendered /Users/ofer/.rvm/gems/ruby-2.2.1/gems/actionpack-4.2.6/lib/action_dispatch/middleware/templates/rescues/_trace.html.erb (2.0ms)
  Rendered /Users/ofer/.rvm/gems/ruby-2.2.1/gems/actionpack-4.2.6/lib/action_dispatch/middleware/templates/rescues/_request_and_response.html.erb (1.0ms)
  Rendered /Users/ofer/.rvm/gems/ruby-2.2.1/gems/actionpack-4.2.6/lib/action_dispatch/middleware/templates/rescues/diagnostics.html.erb within rescues/layout (52.9ms)
  Rendered /Users/ofer/.rvm/gems/ruby-2.2.1/gems/web-console-2.3.0/lib/web_console/templates/_markup.html.erb (0.4ms)
  Rendered /Users/ofer/.rvm/gems/ruby-2.2.1/gems/web-console-2.3.0/lib/web_console/templates/_inner_console_markup.html.erb within layouts/inlined_string (0.4ms)
  Rendered /Users/ofer/.rvm/gems/ruby-2.2.1/gems/web-console-2.3.0/lib/web_console/templates/_prompt_box_markup.html.erb within layouts/inlined_string (0.4ms)
  Rendered /Users/ofer/.rvm/gems/ruby-2.2.1/gems/web-console-2.3.0/lib/web_console/templates/style.css.erb within layouts/inlined_string (0.6ms)
  Rendered /Users/ofer/.rvm/gems/ruby-2.2.1/gems/web-console-2.3.0/lib/web_console/templates/console.js.erb within layouts/javascript (48.5ms)
  Rendered /Users/ofer/.rvm/gems/ruby-2.2.1/gems/web-console-2.3.0/lib/web_console/templates/main.js.erb within layouts/javascript (0.4ms)
  Rendered /Users/ofer/.rvm/gems/ruby-2.2.1/gems/web-console-2.3.0/lib/web_console/templates/error_page.js.erb within layouts/javascript (0.4ms)
  Rendered /Users/ofer/.rvm/gems/ruby-2.2.1/gems/web-console-2.3.0/lib/web_console/templates/index.html.erb (108.0ms)


Started POST "/creatures" for ::1 at 2016-05-01 18:52:54 -0700
Processing by CreaturesController#create as HTML
  Parameters: {"utf8"=>"✓", "authenticity_token"=>"6Ba0wWx9L7PJMCOfsXD9flEkq70TzBfitwYR11SObEcU9MqvBGCneBe73XKsLhzxljbbyPYBmWtfbctbeKZlKw==", "creature"=>{"name"=>"TEST", "description"=>"111111"}, "commit"=>"Create Creature"}
  [1m[36m (0.1ms)[0m  [1mbegin transaction[0m
  [1m[35mSQL (0.3ms)[0m  INSERT INTO "creatures" ("name", "description", "created_at", "updated_at") VALUES (?, ?, ?, ?)  [["name", "TEST"], ["description", "111111"], ["created_at", "2016-05-02 01:52:54.370522"], ["updated_at", "2016-05-02 01:52:54.370522"]]
  [1m[36m (1.0ms)[0m  [1mcommit transaction[0m
Redirected to http://localhost:3000/creatures
Completed 302 Found in 8ms (ActiveRecord: 1.8ms)


Started GET "/creatures" for ::1 at 2016-05-01 18:52:54 -0700
Processing by CreaturesController#index as HTML
  [1m[35mCreature Load (0.2ms)[0m  SELECT "creatures".* FROM "creatures"
  Rendered creatures/index.html.erb within layouts/application (1.2ms)
Completed 200 OK in 23ms (Views: 22.1ms | ActiveRecord: 0.2ms)


Started GET "/assets/creatures.self-e3b0c44298fc1c149afbf4c8996fb92427ae41e4649b934ca495991b7852b855.css?body=1" for ::1 at 2016-05-01 18:52:54 -0700


Started GET "/assets/application.self-e80e8f2318043e8af94dddc2adad5a4f09739a8ebb323b3ab31cd71d45fd9113.css?body=1" for ::1 at 2016-05-01 18:52:54 -0700


Started GET "/assets/index.self-e3b0c44298fc1c149afbf4c8996fb92427ae41e4649b934ca495991b7852b855.css?body=1" for ::1 at 2016-05-01 18:52:54 -0700


Started GET "/assets/index.self-877aef30ae1b040ab8a3aba4e3e309a11d7f2612f44dde450b5c157aa5f95c05.js?body=1" for ::1 at 2016-05-01 18:52:54 -0700


Started GET "/assets/creatures.self-877aef30ae1b040ab8a3aba4e3e309a11d7f2612f44dde450b5c157aa5f95c05.js?body=1" for ::1 at 2016-05-01 18:52:54 -0700


Started GET "/assets/turbolinks.self-c37727e9bd6b2735da5c311aa83fead54ed0be6cc8bd9a65309e9c5abe2cbfff.js?body=1" for ::1 at 2016-05-01 18:52:54 -0700


Started GET "/assets/application.self-3b8dabdc891efe46b9a144b400ad69e37d7e5876bdc39dee783419a69d7ca819.js?body=1" for ::1 at 2016-05-01 18:52:54 -0700


Started GET "/assets/jquery.self-660adc51e0224b731d29f575a6f1ec167ba08ad06ed5deca4f1e8654c135bf4c.js?body=1" for ::1 at 2016-05-01 18:52:54 -0700


Started GET "/assets/jquery_ujs.self-e87806d0cf4489aeb1bb7288016024e8de67fd18db693fe026fe3907581e53cd.js?body=1" for ::1 at 2016-05-01 18:52:54 -0700


Started GET "/creatures/new" for ::1 at 2016-05-01 18:52:56 -0700
Processing by CreaturesController#new as HTML
  Rendered creatures/new.html.erb within layouts/application (1.9ms)
Completed 200 OK in 17ms (Views: 16.1ms | ActiveRecord: 0.0ms)


Started POST "/creatures" for ::1 at 2016-05-01 18:53:08 -0700
Processing by CreaturesController#create as HTML
  Parameters: {"utf8"=>"✓", "authenticity_token"=>"xjXrrRPqJGiVTCZzNo0+rHPzjBIVHBml7bSx3Sintcc615XDe/eso0vH2J4r098jtOH8Z/DRlywF32tRBI+8qw==", "creature"=>{"name"=>"hghghghg", "description"=>"trytryt"}, "commit"=>"Create Creature"}
  [1m[36m (0.1ms)[0m  [1mbegin transaction[0m
  [1m[35mSQL (0.3ms)[0m  INSERT INTO "creatures" ("name", "description", "created_at", "updated_at") VALUES (?, ?, ?, ?)  [["name", "hghghghg"], ["description", "trytryt"], ["created_at", "2016-05-02 01:53:08.167532"], ["updated_at", "2016-05-02 01:53:08.167532"]]
  [1m[36m (0.8ms)[0m  [1mcommit transaction[0m
Redirected to http://localhost:3000/creatures
Completed 302 Found in 4ms (ActiveRecord: 1.2ms)


Started GET "/creatures" for ::1 at 2016-05-01 18:53:08 -0700
Processing by CreaturesController#index as HTML
  [1m[35mCreature Load (0.1ms)[0m  SELECT "creatures".* FROM "creatures"
  Rendered creatures/index.html.erb within layouts/application (1.0ms)
Completed 200 OK in 16ms (Views: 15.2ms | ActiveRecord: 0.1ms)


Started GET "/creatures" for ::1 at 2016-05-01 21:03:07 -0700
DEPRECATION WARNING: Defining a route where `to` is a controller without an action is deprecated. Please change `to: 'creatures/delete'` to `controller: 'creatures/delete'`. (called from block in <top (required)> at /Users/ofer/wdi/exercises/ruby/rails-bog-app/bog_app/bog_app/bog_app/config/routes.rb:9)

ArgumentError (Missing :action key on routes definition, please check your routes.):
  config/routes.rb:9:in `block in <top (required)>'
  config/routes.rb:1:in `<top (required)>'


  Rendered /Users/ofer/.rvm/gems/ruby-2.2.1/gems/actionpack-4.2.6/lib/action_dispatch/middleware/templates/rescues/_source.erb (3.3ms)
  Rendered /Users/ofer/.rvm/gems/ruby-2.2.1/gems/actionpack-4.2.6/lib/action_dispatch/middleware/templates/rescues/_trace.html.erb (1.6ms)
  Rendered /Users/ofer/.rvm/gems/ruby-2.2.1/gems/actionpack-4.2.6/lib/action_dispatch/middleware/templates/rescues/_request_and_response.html.erb (0.7ms)
  Rendered /Users/ofer/.rvm/gems/ruby-2.2.1/gems/actionpack-4.2.6/lib/action_dispatch/middleware/templates/rescues/diagnostics.html.erb within rescues/layout (41.7ms)
  Rendered /Users/ofer/.rvm/gems/ruby-2.2.1/gems/web-console-2.3.0/lib/web_console/templates/_markup.html.erb (0.3ms)
  Rendered /Users/ofer/.rvm/gems/ruby-2.2.1/gems/web-console-2.3.0/lib/web_console/templates/_inner_console_markup.html.erb within layouts/inlined_string (0.2ms)
  Rendered /Users/ofer/.rvm/gems/ruby-2.2.1/gems/web-console-2.3.0/lib/web_console/templates/_prompt_box_markup.html.erb within layouts/inlined_string (0.3ms)
  Rendered /Users/ofer/.rvm/gems/ruby-2.2.1/gems/web-console-2.3.0/lib/web_console/templates/style.css.erb within layouts/inlined_string (0.3ms)
  Rendered /Users/ofer/.rvm/gems/ruby-2.2.1/gems/web-console-2.3.0/lib/web_console/templates/console.js.erb within layouts/javascript (36.8ms)
  Rendered /Users/ofer/.rvm/gems/ruby-2.2.1/gems/web-console-2.3.0/lib/web_console/templates/main.js.erb within layouts/javascript (0.2ms)
  Rendered /Users/ofer/.rvm/gems/ruby-2.2.1/gems/web-console-2.3.0/lib/web_console/templates/error_page.js.erb within layouts/javascript (0.3ms)
  Rendered /Users/ofer/.rvm/gems/ruby-2.2.1/gems/web-console-2.3.0/lib/web_console/templates/index.html.erb (78.8ms)


Started GET "/creatures" for ::1 at 2016-05-01 21:03:49 -0700
Processing by CreaturesController#index as HTML
  [1m[36mCreature Load (0.3ms)[0m  [1mSELECT "creatures".* FROM "creatures"[0m
  Rendered creatures/index.html.erb within layouts/application (4.6ms)
Completed 200 OK in 22ms (Views: 19.5ms | ActiveRecord: 0.7ms)


Started GET "/assets/index.self-e3b0c44298fc1c149afbf4c8996fb92427ae41e4649b934ca495991b7852b855.css?body=1" for ::1 at 2016-05-01 21:03:49 -0700


Started GET "/assets/creatures.self-e3b0c44298fc1c149afbf4c8996fb92427ae41e4649b934ca495991b7852b855.css?body=1" for ::1 at 2016-05-01 21:03:49 -0700


Started GET "/assets/application.self-e80e8f2318043e8af94dddc2adad5a4f09739a8ebb323b3ab31cd71d45fd9113.css?body=1" for ::1 at 2016-05-01 21:03:49 -0700


Started GET "/assets/jquery.self-660adc51e0224b731d29f575a6f1ec167ba08ad06ed5deca4f1e8654c135bf4c.js?body=1" for ::1 at 2016-05-01 21:03:49 -0700


Started GET "/assets/jquery_ujs.self-e87806d0cf4489aeb1bb7288016024e8de67fd18db693fe026fe3907581e53cd.js?body=1" for ::1 at 2016-05-01 21:03:49 -0700


Started GET "/assets/turbolinks.self-c37727e9bd6b2735da5c311aa83fead54ed0be6cc8bd9a65309e9c5abe2cbfff.js?body=1" for ::1 at 2016-05-01 21:03:49 -0700


Started GET "/assets/creatures.self-877aef30ae1b040ab8a3aba4e3e309a11d7f2612f44dde450b5c157aa5f95c05.js?body=1" for ::1 at 2016-05-01 21:03:49 -0700


Started GET "/assets/index.self-877aef30ae1b040ab8a3aba4e3e309a11d7f2612f44dde450b5c157aa5f95c05.js?body=1" for ::1 at 2016-05-01 21:03:49 -0700


Started GET "/assets/application.self-3b8dabdc891efe46b9a144b400ad69e37d7e5876bdc39dee783419a69d7ca819.js?body=1" for ::1 at 2016-05-01 21:03:49 -0700


Started GET "/creatures/5" for ::1 at 2016-05-01 21:03:54 -0700
Processing by CreaturesController#show as HTML
  Parameters: {"id"=>"5"}
  [1m[35mCreature Load (0.2ms)[0m  SELECT  "creatures".* FROM "creatures" WHERE "creatures"."id" = ? LIMIT 1  [["id", 5]]
  Rendered creatures/show.html.erb within layouts/application (0.5ms)
Completed 200 OK in 16ms (Views: 14.7ms | ActiveRecord: 0.2ms)


Started GET "/creatures/edit" for ::1 at 2016-05-01 21:03:56 -0700
Processing by CreaturesController#show as HTML
  Parameters: {"id"=>"edit"}
  [1m[36mCreature Load (0.1ms)[0m  [1mSELECT  "creatures".* FROM "creatures" WHERE "creatures"."id" = ? LIMIT 1[0m  [["id", 0]]
Completed 404 Not Found in 2ms (ActiveRecord: 0.1ms)

ActiveRecord::RecordNotFound (Couldn't find Creature with 'id'=edit):
  app/controllers/creatures_controller.rb:9:in `show'


  Rendered /Users/ofer/.rvm/gems/ruby-2.2.1/gems/actionpack-4.2.6/lib/action_dispatch/middleware/templates/rescues/_source.erb (3.4ms)
  Rendered /Users/ofer/.rvm/gems/ruby-2.2.1/gems/actionpack-4.2.6/lib/action_dispatch/middleware/templates/rescues/_trace.html.erb (1.6ms)
  Rendered /Users/ofer/.rvm/gems/ruby-2.2.1/gems/actionpack-4.2.6/lib/action_dispatch/middleware/templates/rescues/_request_and_response.html.erb (0.8ms)
  Rendered /Users/ofer/.rvm/gems/ruby-2.2.1/gems/actionpack-4.2.6/lib/action_dispatch/middleware/templates/rescues/diagnostics.html.erb within rescues/layout (45.9ms)
  Rendered /Users/ofer/.rvm/gems/ruby-2.2.1/gems/web-console-2.3.0/lib/web_console/templates/_markup.html.erb (0.3ms)
  Rendered /Users/ofer/.rvm/gems/ruby-2.2.1/gems/web-console-2.3.0/lib/web_console/templates/_inner_console_markup.html.erb within layouts/inlined_string (0.2ms)
  Rendered /Users/ofer/.rvm/gems/ruby-2.2.1/gems/web-console-2.3.0/lib/web_console/templates/_prompt_box_markup.html.erb within layouts/inlined_string (0.2ms)
  Rendered /Users/ofer/.rvm/gems/ruby-2.2.1/gems/web-console-2.3.0/lib/web_console/templates/style.css.erb within layouts/inlined_string (0.2ms)
  Rendered /Users/ofer/.rvm/gems/ruby-2.2.1/gems/web-console-2.3.0/lib/web_console/templates/console.js.erb within layouts/javascript (34.0ms)
  Rendered /Users/ofer/.rvm/gems/ruby-2.2.1/gems/web-console-2.3.0/lib/web_console/templates/main.js.erb within layouts/javascript (0.4ms)
  Rendered /Users/ofer/.rvm/gems/ruby-2.2.1/gems/web-console-2.3.0/lib/web_console/templates/error_page.js.erb within layouts/javascript (0.2ms)
  Rendered /Users/ofer/.rvm/gems/ruby-2.2.1/gems/web-console-2.3.0/lib/web_console/templates/index.html.erb (75.3ms)


Started GET "/creatures/edit" for ::1 at 2016-05-01 21:03:56 -0700
Processing by CreaturesController#show as HTML
  Parameters: {"id"=>"edit"}
  [1m[35mCreature Load (0.1ms)[0m  SELECT  "creatures".* FROM "creatures" WHERE "creatures"."id" = ? LIMIT 1  [["id", 0]]
Completed 404 Not Found in 1ms (ActiveRecord: 0.1ms)

ActiveRecord::RecordNotFound (Couldn't find Creature with 'id'=edit):
  app/controllers/creatures_controller.rb:9:in `show'


  Rendered /Users/ofer/.rvm/gems/ruby-2.2.1/gems/actionpack-4.2.6/lib/action_dispatch/middleware/templates/rescues/_source.erb (3.6ms)
  Rendered /Users/ofer/.rvm/gems/ruby-2.2.1/gems/actionpack-4.2.6/lib/action_dispatch/middleware/templates/rescues/_trace.html.erb (1.7ms)
  Rendered /Users/ofer/.rvm/gems/ruby-2.2.1/gems/actionpack-4.2.6/lib/action_dispatch/middleware/templates/rescues/_request_and_response.html.erb (0.7ms)
  Rendered /Users/ofer/.rvm/gems/ruby-2.2.1/gems/actionpack-4.2.6/lib/action_dispatch/middleware/templates/rescues/diagnostics.html.erb within rescues/layout (44.9ms)
  Rendered /Users/ofer/.rvm/gems/ruby-2.2.1/gems/web-console-2.3.0/lib/web_console/templates/_markup.html.erb (0.3ms)
  Rendered /Users/ofer/.rvm/gems/ruby-2.2.1/gems/web-console-2.3.0/lib/web_console/templates/_inner_console_markup.html.erb within layouts/inlined_string (0.2ms)
  Rendered /Users/ofer/.rvm/gems/ruby-2.2.1/gems/web-console-2.3.0/lib/web_console/templates/_prompt_box_markup.html.erb within layouts/inlined_string (0.2ms)
  Rendered /Users/ofer/.rvm/gems/ruby-2.2.1/gems/web-console-2.3.0/lib/web_console/templates/style.css.erb within layouts/inlined_string (0.4ms)
  Rendered /Users/ofer/.rvm/gems/ruby-2.2.1/gems/web-console-2.3.0/lib/web_console/templates/console.js.erb within layouts/javascript (39.1ms)
  Rendered /Users/ofer/.rvm/gems/ruby-2.2.1/gems/web-console-2.3.0/lib/web_console/templates/main.js.erb within layouts/javascript (0.2ms)
  Rendered /Users/ofer/.rvm/gems/ruby-2.2.1/gems/web-console-2.3.0/lib/web_console/templates/error_page.js.erb within layouts/javascript (0.3ms)
  Rendered /Users/ofer/.rvm/gems/ruby-2.2.1/gems/web-console-2.3.0/lib/web_console/templates/index.html.erb (82.0ms)


Started GET "/creatures/edit" for ::1 at 2016-05-01 21:04:49 -0700
Processing by CreaturesController#show as HTML
  Parameters: {"id"=>"edit"}
  [1m[36mCreature Load (0.1ms)[0m  [1mSELECT  "creatures".* FROM "creatures" WHERE "creatures"."id" = ? LIMIT 1[0m  [["id", 0]]
Completed 404 Not Found in 4ms (ActiveRecord: 0.6ms)

ActiveRecord::RecordNotFound (Couldn't find Creature with 'id'=edit):
  app/controllers/creatures_controller.rb:9:in `show'


  Rendered /Users/ofer/.rvm/gems/ruby-2.2.1/gems/actionpack-4.2.6/lib/action_dispatch/middleware/templates/rescues/_source.erb (5.1ms)
  Rendered /Users/ofer/.rvm/gems/ruby-2.2.1/gems/actionpack-4.2.6/lib/action_dispatch/middleware/templates/rescues/_trace.html.erb (3.3ms)
  Rendered /Users/ofer/.rvm/gems/ruby-2.2.1/gems/actionpack-4.2.6/lib/action_dispatch/middleware/templates/rescues/_request_and_response.html.erb (0.9ms)
  Rendered /Users/ofer/.rvm/gems/ruby-2.2.1/gems/actionpack-4.2.6/lib/action_dispatch/middleware/templates/rescues/diagnostics.html.erb within rescues/layout (58.0ms)
  Rendered /Users/ofer/.rvm/gems/ruby-2.2.1/gems/web-console-2.3.0/lib/web_console/templates/_markup.html.erb (0.3ms)
  Rendered /Users/ofer/.rvm/gems/ruby-2.2.1/gems/web-console-2.3.0/lib/web_console/templates/_inner_console_markup.html.erb within layouts/inlined_string (0.3ms)
  Rendered /Users/ofer/.rvm/gems/ruby-2.2.1/gems/web-console-2.3.0/lib/web_console/templates/_prompt_box_markup.html.erb within layouts/inlined_string (0.2ms)
  Rendered /Users/ofer/.rvm/gems/ruby-2.2.1/gems/web-console-2.3.0/lib/web_console/templates/style.css.erb within layouts/inlined_string (0.2ms)
  Rendered /Users/ofer/.rvm/gems/ruby-2.2.1/gems/web-console-2.3.0/lib/web_console/templates/console.js.erb within layouts/javascript (40.8ms)
  Rendered /Users/ofer/.rvm/gems/ruby-2.2.1/gems/web-console-2.3.0/lib/web_console/templates/main.js.erb within layouts/javascript (0.2ms)
  Rendered /Users/ofer/.rvm/gems/ruby-2.2.1/gems/web-console-2.3.0/lib/web_console/templates/error_page.js.erb within layouts/javascript (0.6ms)
  Rendered /Users/ofer/.rvm/gems/ruby-2.2.1/gems/web-console-2.3.0/lib/web_console/templates/index.html.erb (91.1ms)


Started GET "/creatures/5" for ::1 at 2016-05-01 21:04:56 -0700
Processing by CreaturesController#show as HTML
  Parameters: {"id"=>"5"}
  [1m[35mCreature Load (0.1ms)[0m  SELECT  "creatures".* FROM "creatures" WHERE "creatures"."id" = ? LIMIT 1  [["id", 5]]
  Rendered creatures/show.html.erb within layouts/application (0.7ms)
Completed 200 OK in 22ms (Views: 19.3ms | ActiveRecord: 0.1ms)


Started GET "/assets/creatures.self-e3b0c44298fc1c149afbf4c8996fb92427ae41e4649b934ca495991b7852b855.css?body=1" for ::1 at 2016-05-01 21:04:56 -0700


Started GET "/assets/index.self-e3b0c44298fc1c149afbf4c8996fb92427ae41e4649b934ca495991b7852b855.css?body=1" for ::1 at 2016-05-01 21:04:56 -0700


Started GET "/assets/turbolinks.self-c37727e9bd6b2735da5c311aa83fead54ed0be6cc8bd9a65309e9c5abe2cbfff.js?body=1" for ::1 at 2016-05-01 21:04:56 -0700


Started GET "/assets/jquery_ujs.self-e87806d0cf4489aeb1bb7288016024e8de67fd18db693fe026fe3907581e53cd.js?body=1" for ::1 at 2016-05-01 21:04:56 -0700


Started GET "/assets/creatures.self-877aef30ae1b040ab8a3aba4e3e309a11d7f2612f44dde450b5c157aa5f95c05.js?body=1" for ::1 at 2016-05-01 21:04:56 -0700


Started GET "/assets/index.self-877aef30ae1b040ab8a3aba4e3e309a11d7f2612f44dde450b5c157aa5f95c05.js?body=1" for ::1 at 2016-05-01 21:04:56 -0700


Started GET "/assets/jquery.self-660adc51e0224b731d29f575a6f1ec167ba08ad06ed5deca4f1e8654c135bf4c.js?body=1" for ::1 at 2016-05-01 21:04:56 -0700


Started GET "/assets/application.self-e80e8f2318043e8af94dddc2adad5a4f09739a8ebb323b3ab31cd71d45fd9113.css?body=1" for ::1 at 2016-05-01 21:04:56 -0700


Started GET "/assets/application.self-3b8dabdc891efe46b9a144b400ad69e37d7e5876bdc39dee783419a69d7ca819.js?body=1" for ::1 at 2016-05-01 21:04:56 -0700


Started GET "/creatures/5/edit" for ::1 at 2016-05-01 21:04:58 -0700
Processing by CreaturesController#edit as HTML
  Parameters: {"id"=>"5"}
  [1m[36mCreature Load (0.1ms)[0m  [1mSELECT  "creatures".* FROM "creatures" WHERE "creatures"."id" = ? LIMIT 1[0m  [["id", 5]]
  Rendered creatures/edit.html.erb within layouts/application (1.6ms)
Completed 200 OK in 16ms (Views: 14.9ms | ActiveRecord: 0.1ms)


Started GET "/creatures/5/edit" for ::1 at 2016-05-01 21:18:05 -0700
Processing by CreaturesController#edit as HTML
  Parameters: {"id"=>"5"}
  [1m[35mCreature Load (0.1ms)[0m  SELECT  "creatures".* FROM "creatures" WHERE "creatures"."id" = ? LIMIT 1  [["id", 5]]
  Rendered creatures/edit.html.erb within layouts/application (1.6ms)
Completed 200 OK in 22ms (Views: 17.5ms | ActiveRecord: 0.5ms)


Started GET "/assets/index.self-e3b0c44298fc1c149afbf4c8996fb92427ae41e4649b934ca495991b7852b855.css?body=1" for ::1 at 2016-05-01 21:18:05 -0700


Started GET "/assets/creatures.self-e3b0c44298fc1c149afbf4c8996fb92427ae41e4649b934ca495991b7852b855.css?body=1" for ::1 at 2016-05-01 21:18:05 -0700


Started GET "/assets/jquery_ujs.self-e87806d0cf4489aeb1bb7288016024e8de67fd18db693fe026fe3907581e53cd.js?body=1" for ::1 at 2016-05-01 21:18:05 -0700


Started GET "/assets/turbolinks.self-c37727e9bd6b2735da5c311aa83fead54ed0be6cc8bd9a65309e9c5abe2cbfff.js?body=1" for ::1 at 2016-05-01 21:18:05 -0700


Started GET "/assets/jquery.self-660adc51e0224b731d29f575a6f1ec167ba08ad06ed5deca4f1e8654c135bf4c.js?body=1" for ::1 at 2016-05-01 21:18:05 -0700


Started GET "/assets/creatures.self-877aef30ae1b040ab8a3aba4e3e309a11d7f2612f44dde450b5c157aa5f95c05.js?body=1" for ::1 at 2016-05-01 21:18:05 -0700


Started GET "/assets/application.self-e80e8f2318043e8af94dddc2adad5a4f09739a8ebb323b3ab31cd71d45fd9113.css?body=1" for ::1 at 2016-05-01 21:18:05 -0700


Started GET "/assets/index.self-877aef30ae1b040ab8a3aba4e3e309a11d7f2612f44dde450b5c157aa5f95c05.js?body=1" for ::1 at 2016-05-01 21:18:05 -0700


Started GET "/assets/application.self-3b8dabdc891efe46b9a144b400ad69e37d7e5876bdc39dee783419a69d7ca819.js?body=1" for ::1 at 2016-05-01 21:18:05 -0700


Started PATCH "/creatures/5" for ::1 at 2016-05-01 21:18:14 -0700
Processing by CreaturesController#update as HTML
  Parameters: {"utf8"=>"✓", "authenticity_token"=>"gnFGlsUeoJRap2WCYeNCOKQdVSJnqFThgQT2U+TJY65+kzj4rQMoX4Qsm298vaO3Yw8lV4Jl2mhpbyzfyOFqwg==", "creature"=>{"name"=>"hghghghg", "description"=>"111111"}, "commit"=>"Update Creature", "id"=>"5"}
  [1m[36mCreature Load (0.2ms)[0m  [1mSELECT  "creatures".* FROM "creatures" WHERE "creatures"."id" = ? LIMIT 1[0m  [["id", 5]]
Completed 500 Internal Server Error in 3ms (ActiveRecord: 0.2ms)

NoMethodError (undefined method `update' for #<Array:0x007fccce806540>):
  app/controllers/creatures_controller.rb:30:in `update'


  Rendered /Users/ofer/.rvm/gems/ruby-2.2.1/gems/actionpack-4.2.6/lib/action_dispatch/middleware/templates/rescues/_source.erb (15.2ms)
  Rendered /Users/ofer/.rvm/gems/ruby-2.2.1/gems/actionpack-4.2.6/lib/action_dispatch/middleware/templates/rescues/_trace.html.erb (1.7ms)
  Rendered /Users/ofer/.rvm/gems/ruby-2.2.1/gems/actionpack-4.2.6/lib/action_dispatch/middleware/templates/rescues/_request_and_response.html.erb (0.8ms)
  Rendered /Users/ofer/.rvm/gems/ruby-2.2.1/gems/actionpack-4.2.6/lib/action_dispatch/middleware/templates/rescues/diagnostics.html.erb within rescues/layout (63.4ms)
  Rendered /Users/ofer/.rvm/gems/ruby-2.2.1/gems/web-console-2.3.0/lib/web_console/templates/_markup.html.erb (0.3ms)
  Rendered /Users/ofer/.rvm/gems/ruby-2.2.1/gems/web-console-2.3.0/lib/web_console/templates/_inner_console_markup.html.erb within layouts/inlined_string (0.3ms)
  Rendered /Users/ofer/.rvm/gems/ruby-2.2.1/gems/web-console-2.3.0/lib/web_console/templates/_prompt_box_markup.html.erb within layouts/inlined_string (0.3ms)
  Rendered /Users/ofer/.rvm/gems/ruby-2.2.1/gems/web-console-2.3.0/lib/web_console/templates/style.css.erb within layouts/inlined_string (0.3ms)
  Rendered /Users/ofer/.rvm/gems/ruby-2.2.1/gems/web-console-2.3.0/lib/web_console/templates/console.js.erb within layouts/javascript (36.0ms)
  Rendered /Users/ofer/.rvm/gems/ruby-2.2.1/gems/web-console-2.3.0/lib/web_console/templates/main.js.erb within layouts/javascript (0.2ms)
  Rendered /Users/ofer/.rvm/gems/ruby-2.2.1/gems/web-console-2.3.0/lib/web_console/templates/error_page.js.erb within layouts/javascript (0.3ms)
  Rendered /Users/ofer/.rvm/gems/ruby-2.2.1/gems/web-console-2.3.0/lib/web_console/templates/index.html.erb (79.1ms)


Started PATCH "/creatures/5" for ::1 at 2016-05-01 21:19:39 -0700
Processing by CreaturesController#update as HTML
  Parameters: {"utf8"=>"✓", "authenticity_token"=>"gnFGlsUeoJRap2WCYeNCOKQdVSJnqFThgQT2U+TJY65+kzj4rQMoX4Qsm298vaO3Yw8lV4Jl2mhpbyzfyOFqwg==", "creature"=>{"name"=>"hghghghg", "description"=>"111111"}, "commit"=>"Update Creature", "id"=>"5"}
  [1m[35mCreature Load (0.1ms)[0m  SELECT  "creatures".* FROM "creatures" WHERE "creatures"."id" = ? LIMIT 1  [["id", 5]]
  [1m[36m (0.0ms)[0m  [1mbegin transaction[0m
  [1m[35mSQL (0.3ms)[0m  UPDATE "creatures" SET "description" = ?, "updated_at" = ? WHERE "creatures"."id" = ?  [["description", "111111"], ["updated_at", "2016-05-02 04:19:39.553810"], ["id", 5]]
  [1m[36m (1.0ms)[0m  [1mcommit transaction[0m
Redirected to http://localhost:3000/creatures/5
Completed 302 Found in 10ms (ActiveRecord: 1.9ms)


Started GET "/creatures/5" for ::1 at 2016-05-01 21:19:39 -0700
Processing by CreaturesController#show as HTML
  Parameters: {"id"=>"5"}
  [1m[35mCreature Load (0.2ms)[0m  SELECT  "creatures".* FROM "creatures" WHERE "creatures"."id" = ? LIMIT 1  [["id", 5]]
  Rendered creatures/show.html.erb within layouts/application (0.2ms)
Completed 200 OK in 18ms (Views: 16.4ms | ActiveRecord: 0.2ms)


Started GET "/assets/creatures.self-e3b0c44298fc1c149afbf4c8996fb92427ae41e4649b934ca495991b7852b855.css?body=1" for ::1 at 2016-05-01 21:19:39 -0700


Started GET "/assets/index.self-e3b0c44298fc1c149afbf4c8996fb92427ae41e4649b934ca495991b7852b855.css?body=1" for ::1 at 2016-05-01 21:19:39 -0700


Started GET "/assets/application.self-e80e8f2318043e8af94dddc2adad5a4f09739a8ebb323b3ab31cd71d45fd9113.css?body=1" for ::1 at 2016-05-01 21:19:39 -0700


Started GET "/assets/jquery.self-660adc51e0224b731d29f575a6f1ec167ba08ad06ed5deca4f1e8654c135bf4c.js?body=1" for ::1 at 2016-05-01 21:19:39 -0700


Started GET "/assets/jquery_ujs.self-e87806d0cf4489aeb1bb7288016024e8de67fd18db693fe026fe3907581e53cd.js?body=1" for ::1 at 2016-05-01 21:19:39 -0700


Started GET "/assets/index.self-877aef30ae1b040ab8a3aba4e3e309a11d7f2612f44dde450b5c157aa5f95c05.js?body=1" for ::1 at 2016-05-01 21:19:39 -0700


Started GET "/assets/creatures.self-877aef30ae1b040ab8a3aba4e3e309a11d7f2612f44dde450b5c157aa5f95c05.js?body=1" for ::1 at 2016-05-01 21:19:39 -0700


Started GET "/assets/turbolinks.self-c37727e9bd6b2735da5c311aa83fead54ed0be6cc8bd9a65309e9c5abe2cbfff.js?body=1" for ::1 at 2016-05-01 21:19:39 -0700


Started GET "/assets/application.self-3b8dabdc891efe46b9a144b400ad69e37d7e5876bdc39dee783419a69d7ca819.js?body=1" for ::1 at 2016-05-01 21:19:39 -0700


Started GET "/creatures/5" for ::1 at 2016-05-01 21:36:39 -0700
Processing by CreaturesController#show as HTML
  Parameters: {"id"=>"5"}
  [1m[36mCreature Load (0.2ms)[0m  [1mSELECT  "creatures".* FROM "creatures" WHERE "creatures"."id" = ? LIMIT 1[0m  [["id", 5]]
  Rendered creatures/show.html.erb within layouts/application (14.8ms)
Completed 500 Internal Server Error in 27ms (ActiveRecord: 0.7ms)

ActionView::Template::Error (undefined local variable or method `delete' for #<#<Class:0x007fcccee70f48>:0x007fcccee50310>):
    5: </p>
    6: <%= link_to "Edit", edit_creature_path %>
    7: <%= link_to "Back", creatures_path %><br>
    8: <%= link_to "Delete",  creature_path, method: delete%>
  app/views/creatures/show.html.erb:8:in `_app_views_creatures_show_html_erb__3434513579998489890_70258810492520'
  app/controllers/creatures_controller.rb:10:in `show'


  Rendered /Users/ofer/.rvm/gems/ruby-2.2.1/gems/actionpack-4.2.6/lib/action_dispatch/middleware/templates/rescues/_source.erb (5.4ms)
  Rendered /Users/ofer/.rvm/gems/ruby-2.2.1/gems/actionpack-4.2.6/lib/action_dispatch/middleware/templates/rescues/_trace.html.erb (2.9ms)
  Rendered /Users/ofer/.rvm/gems/ruby-2.2.1/gems/actionpack-4.2.6/lib/action_dispatch/middleware/templates/rescues/_request_and_response.html.erb (0.8ms)
  Rendered /Users/ofer/.rvm/gems/ruby-2.2.1/gems/actionpack-4.2.6/lib/action_dispatch/middleware/templates/rescues/template_error.html.erb within rescues/layout (51.3ms)
  Rendered /Users/ofer/.rvm/gems/ruby-2.2.1/gems/web-console-2.3.0/lib/web_console/templates/_markup.html.erb (0.3ms)
  Rendered /Users/ofer/.rvm/gems/ruby-2.2.1/gems/web-console-2.3.0/lib/web_console/templates/_inner_console_markup.html.erb within layouts/inlined_string (0.2ms)
  Rendered /Users/ofer/.rvm/gems/ruby-2.2.1/gems/web-console-2.3.0/lib/web_console/templates/_prompt_box_markup.html.erb within layouts/inlined_string (0.4ms)
  Rendered /Users/ofer/.rvm/gems/ruby-2.2.1/gems/web-console-2.3.0/lib/web_console/templates/style.css.erb within layouts/inlined_string (0.4ms)
  Rendered /Users/ofer/.rvm/gems/ruby-2.2.1/gems/web-console-2.3.0/lib/web_console/templates/console.js.erb within layouts/javascript (39.2ms)
  Rendered /Users/ofer/.rvm/gems/ruby-2.2.1/gems/web-console-2.3.0/lib/web_console/templates/main.js.erb within layouts/javascript (0.3ms)
  Rendered /Users/ofer/.rvm/gems/ruby-2.2.1/gems/web-console-2.3.0/lib/web_console/templates/error_page.js.erb within layouts/javascript (0.3ms)
  Rendered /Users/ofer/.rvm/gems/ruby-2.2.1/gems/web-console-2.3.0/lib/web_console/templates/index.html.erb (82.9ms)


Started GET "/creatures/5" for ::1 at 2016-05-01 21:37:05 -0700
Processing by CreaturesController#show as HTML
  Parameters: {"id"=>"5"}
  [1m[35mCreature Load (0.1ms)[0m  SELECT  "creatures".* FROM "creatures" WHERE "creatures"."id" = ? LIMIT 1  [["id", 5]]
  Rendered creatures/show.html.erb within layouts/application (0.7ms)
Completed 200 OK in 16ms (Views: 15.2ms | ActiveRecord: 0.1ms)


Started GET "/assets/index.self-e3b0c44298fc1c149afbf4c8996fb92427ae41e4649b934ca495991b7852b855.css?body=1" for ::1 at 2016-05-01 21:37:05 -0700


Started GET "/assets/jquery.self-660adc51e0224b731d29f575a6f1ec167ba08ad06ed5deca4f1e8654c135bf4c.js?body=1" for ::1 at 2016-05-01 21:37:05 -0700


Started GET "/assets/turbolinks.self-c37727e9bd6b2735da5c311aa83fead54ed0be6cc8bd9a65309e9c5abe2cbfff.js?body=1" for ::1 at 2016-05-01 21:37:05 -0700


Started GET "/assets/creatures.self-e3b0c44298fc1c149afbf4c8996fb92427ae41e4649b934ca495991b7852b855.css?body=1" for ::1 at 2016-05-01 21:37:05 -0700


Started GET "/assets/application.self-e80e8f2318043e8af94dddc2adad5a4f09739a8ebb323b3ab31cd71d45fd9113.css?body=1" for ::1 at 2016-05-01 21:37:05 -0700


Started GET "/assets/jquery_ujs.self-e87806d0cf4489aeb1bb7288016024e8de67fd18db693fe026fe3907581e53cd.js?body=1" for ::1 at 2016-05-01 21:37:05 -0700


Started GET "/assets/creatures.self-877aef30ae1b040ab8a3aba4e3e309a11d7f2612f44dde450b5c157aa5f95c05.js?body=1" for ::1 at 2016-05-01 21:37:05 -0700


Started GET "/assets/index.self-877aef30ae1b040ab8a3aba4e3e309a11d7f2612f44dde450b5c157aa5f95c05.js?body=1" for ::1 at 2016-05-01 21:37:05 -0700


Started GET "/assets/application.self-3b8dabdc891efe46b9a144b400ad69e37d7e5876bdc39dee783419a69d7ca819.js?body=1" for ::1 at 2016-05-01 21:37:05 -0700


Started GET "/creatures/5" for ::1 at 2016-05-01 21:37:24 -0700
Processing by CreaturesController#show as HTML
  Parameters: {"id"=>"5"}
  [1m[36mCreature Load (0.1ms)[0m  [1mSELECT  "creatures".* FROM "creatures" WHERE "creatures"."id" = ? LIMIT 1[0m  [["id", 5]]
  Rendered creatures/show.html.erb within layouts/application (0.8ms)
Completed 200 OK in 15ms (Views: 14.2ms | ActiveRecord: 0.1ms)


Started GET "/assets/creatures.self-e3b0c44298fc1c149afbf4c8996fb92427ae41e4649b934ca495991b7852b855.css?body=1" for ::1 at 2016-05-01 21:37:24 -0700


Started GET "/assets/jquery_ujs.self-e87806d0cf4489aeb1bb7288016024e8de67fd18db693fe026fe3907581e53cd.js?body=1" for ::1 at 2016-05-01 21:37:24 -0700


Started GET "/assets/index.self-e3b0c44298fc1c149afbf4c8996fb92427ae41e4649b934ca495991b7852b855.css?body=1" for ::1 at 2016-05-01 21:37:24 -0700


Started GET "/assets/jquery.self-660adc51e0224b731d29f575a6f1ec167ba08ad06ed5deca4f1e8654c135bf4c.js?body=1" for ::1 at 2016-05-01 21:37:24 -0700


Started GET "/assets/application.self-e80e8f2318043e8af94dddc2adad5a4f09739a8ebb323b3ab31cd71d45fd9113.css?body=1" for ::1 at 2016-05-01 21:37:24 -0700


Started GET "/assets/turbolinks.self-c37727e9bd6b2735da5c311aa83fead54ed0be6cc8bd9a65309e9c5abe2cbfff.js?body=1" for ::1 at 2016-05-01 21:37:24 -0700


Started GET "/assets/creatures.self-877aef30ae1b040ab8a3aba4e3e309a11d7f2612f44dde450b5c157aa5f95c05.js?body=1" for ::1 at 2016-05-01 21:37:24 -0700


Started GET "/assets/index.self-877aef30ae1b040ab8a3aba4e3e309a11d7f2612f44dde450b5c157aa5f95c05.js?body=1" for ::1 at 2016-05-01 21:37:24 -0700


Started GET "/assets/application.self-3b8dabdc891efe46b9a144b400ad69e37d7e5876bdc39dee783419a69d7ca819.js?body=1" for ::1 at 2016-05-01 21:37:24 -0700


Started GET "/creatures" for ::1 at 2016-05-01 21:37:26 -0700
Processing by CreaturesController#index as HTML
  [1m[35mCreature Load (0.1ms)[0m  SELECT "creatures".* FROM "creatures"
  Rendered creatures/index.html.erb within layouts/application (1.5ms)
Completed 200 OK in 16ms (Views: 15.8ms | ActiveRecord: 0.1ms)


Started GET "/creatures/5" for ::1 at 2016-05-01 21:37:30 -0700
Processing by CreaturesController#show as HTML
  Parameters: {"id"=>"5"}
  [1m[36mCreature Load (0.1ms)[0m  [1mSELECT  "creatures".* FROM "creatures" WHERE "creatures"."id" = ? LIMIT 1[0m  [["id", 5]]
  Rendered creatures/show.html.erb within layouts/application (0.8ms)
Completed 200 OK in 17ms (Views: 16.1ms | ActiveRecord: 0.1ms)


Started DELETE "/creatures/5" for ::1 at 2016-05-01 21:37:34 -0700
Processing by CreaturesController#delete as HTML
  Parameters: {"authenticity_token"=>"EAL4VX5Q0iQECxhyOf15Rruhb+rPjfr9AfdYHYPx97js4IY7Fk1a79qA5p8ko5jJfLMfnypAdHTpnIKRr9n+1A==", "id"=>"5"}
  [1m[35mCreature Load (0.1ms)[0m  SELECT  "creatures".* FROM "creatures" WHERE "creatures"."id" = ? LIMIT 1  [["id", 5]]
  [1m[36m (0.1ms)[0m  [1mbegin transaction[0m
  [1m[35mSQL (0.3ms)[0m  DELETE FROM "creatures" WHERE "creatures"."id" = ?  [["id", 5]]
  [1m[36m (2.1ms)[0m  [1mcommit transaction[0m
Redirected to http://localhost:3000/creatures
Completed 302 Found in 5ms (ActiveRecord: 2.5ms)


Started GET "/creatures" for ::1 at 2016-05-01 21:37:34 -0700
Processing by CreaturesController#index as HTML
  [1m[35mCreature Load (0.1ms)[0m  SELECT "creatures".* FROM "creatures"
  Rendered creatures/index.html.erb within layouts/application (1.3ms)
Completed 200 OK in 18ms (Views: 17.3ms | ActiveRecord: 0.1ms)
