  [1m[36m (1.7ms)[0m  [1mCREATE TABLE "schema_migrations" ("version" varchar NOT NULL) [0m
  [1m[35m (0.1ms)[0m  select sqlite_version(*)
  [1m[36m (1.5ms)[0m  [1mCREATE UNIQUE INDEX "unique_schema_migrations" ON "schema_migrations" ("version")[0m
  [1m[35mActiveRecord::SchemaMigration Load (0.1ms)[0m  SELECT "schema_migrations".* FROM "schema_migrations"
Migrating to CreateCreatures (20160501032413)
  [1m[36m (0.2ms)[0m  [1mbegin transaction[0m
  [1m[35m (0.7ms)[0m  CREATE TABLE "creatures" ("id" INTEGER PRIMARY KEY AUTOINCREMENT NOT NULL, "name" varchar, "description" varchar, "created_at" datetime NOT NULL, "updated_at" datetime NOT NULL) 
  [1m[36mSQL (0.4ms)[0m  [1mINSERT INTO "schema_migrations" ("version") VALUES (?)[0m  [["version", "20160501032413"]]
  [1m[35m (1.7ms)[0m  commit transaction
  [1m[36mActiveRecord::SchemaMigration Load (0.1ms)[0m  [1mSELECT "schema_migrations".* FROM "schema_migrations"[0m
  [1m[36m (0.2ms)[0m  [1mbegin transaction[0m
  [1m[35mSQL (1.9ms)[0m  INSERT INTO "creatures" ("name", "description", "created_at", "updated_at") VALUES (?, ?, ?, ?)  [["name", "Yoda"], ["description", "Little green man"], ["created_at", "2016-05-01 03:25:08.311999"], ["updated_at", "2016-05-01 03:25:08.311999"]]
  [1m[36m (1.4ms)[0m  [1mcommit transaction[0m
  [1m[36mActiveRecord::SchemaMigration Load (0.1ms)[0m  [1mSELECT "schema_migrations".* FROM "schema_migrations"[0m
  [1m[35m (0.1ms)[0m  begin transaction
  [1m[36mSQL (0.8ms)[0m  [1mINSERT INTO "creatures" ("name", "description", "created_at", "updated_at") VALUES (?, ?, ?, ?)[0m  [["name", "Luke"], ["description", "Jedi"], ["created_at", "2016-05-01 03:26:47.193595"], ["updated_at", "2016-05-01 03:26:47.193595"]]
  [1m[35m (1.4ms)[0m  commit transaction
  [1m[36m (0.1ms)[0m  [1mbegin transaction[0m
  [1m[35mSQL (0.4ms)[0m  INSERT INTO "creatures" ("name", "description", "created_at", "updated_at") VALUES (?, ?, ?, ?)  [["name", "Darth Vader"], ["description", "Father of Luke"], ["created_at", "2016-05-01 03:26:47.207674"], ["updated_at", "2016-05-01 03:26:47.207674"]]
  [1m[36m (1.3ms)[0m  [1mcommit transaction[0m
